[scau-mall-web] 18:00:50.651 [main] INFO  org.scau.mall.web.App - Starting App on DESKTOP-KEBSTMU with PID 9832 (D:\workspace-xrk\scau-mall\scau-mall\scau-mall-web\target\classes started by John in D:\workspace-xrk\scau-mall\scau-mall\scau-mall-web)
[scau-mall-web] 18:00:50.675 [main] DEBUG org.scau.mall.web.App - Running with Spring Boot v1.5.12.RELEASE, Spring v4.3.16.RELEASE
[scau-mall-web] 18:00:50.676 [main] INFO  org.scau.mall.web.App - No active profile set, falling back to default profiles: default
[scau-mall-web] 18:00:50.799 [main] INFO  org.springframework.boot.context.embedded.AnnotationConfigEmbeddedWebApplicationContext - Refreshing org.springframework.boot.context.embedded.AnnotationConfigEmbeddedWebApplicationContext@1e636ea3: startup date [Sun Aug 08 18:00:50 CST 2021]; root of context hierarchy
[scau-mall-web] 18:00:51.238 [background-preinit] INFO  org.hibernate.validator.internal.util.Version - HV000001: Hibernate Validator 5.3.6.Final
[scau-mall-web] 18:00:51.908 [main] INFO  org.springframework.data.repository.config.RepositoryConfigurationDelegate - Multiple Spring Data modules found, entering strict repository configuration mode!
[scau-mall-web] 18:00:53.205 [main] INFO  org.springframework.boot.context.embedded.tomcat.TomcatEmbeddedServletContainer - Tomcat initialized with port(s): 8081 (http)
[scau-mall-web] 18:00:53.231 [main] INFO  org.apache.coyote.http11.Http11NioProtocol - Initializing ProtocolHandler ["http-nio-8081"]
[scau-mall-web] 18:00:53.250 [main] INFO  org.apache.catalina.core.StandardService - Starting service [Tomcat]
[scau-mall-web] 18:00:53.251 [main] INFO  org.apache.catalina.core.StandardEngine - Starting Servlet Engine: Apache Tomcat/8.5.29
[scau-mall-web] 18:00:53.425 [localhost-startStop-1] INFO  org.apache.catalina.core.ContainerBase.[Tomcat].[localhost].[/] - Initializing Spring embedded WebApplicationContext
[scau-mall-web] 18:00:53.425 [localhost-startStop-1] INFO  org.springframework.web.context.ContextLoader - Root WebApplicationContext: initialization completed in 2626 ms
[scau-mall-web] 18:00:53.652 [localhost-startStop-1] INFO  org.springframework.boot.web.servlet.ServletRegistrationBean - Mapping servlet: 'dispatcherServlet' to [/]
[scau-mall-web] 18:00:53.659 [localhost-startStop-1] INFO  org.springframework.boot.web.servlet.FilterRegistrationBean - Mapping filter: 'characterEncodingFilter' to: [/*]
[scau-mall-web] 18:00:53.660 [localhost-startStop-1] INFO  org.springframework.boot.web.servlet.FilterRegistrationBean - Mapping filter: 'hiddenHttpMethodFilter' to: [/*]
[scau-mall-web] 18:00:53.660 [localhost-startStop-1] INFO  org.springframework.boot.web.servlet.FilterRegistrationBean - Mapping filter: 'httpPutFormContentFilter' to: [/*]
[scau-mall-web] 18:00:53.660 [localhost-startStop-1] INFO  org.springframework.boot.web.servlet.FilterRegistrationBean - Mapping filter: 'requestContextFilter' to: [/*]
[scau-mall-web] 18:00:54.167 [main] INFO  org.springframework.web.servlet.mvc.method.annotation.RequestMappingHandlerAdapter - Looking for @ControllerAdvice: org.springframework.boot.context.embedded.AnnotationConfigEmbeddedWebApplicationContext@1e636ea3: startup date [Sun Aug 08 18:00:50 CST 2021]; root of context hierarchy
[scau-mall-web] 18:00:54.272 [main] INFO  org.springframework.web.servlet.mvc.method.annotation.RequestMappingHandlerMapping - Mapped "{[/test/index]}" onto public java.lang.String org.scau.mall.web.controller.IndexController.index(org.springframework.ui.ModelMap)
[scau-mall-web] 18:00:54.274 [main] INFO  org.springframework.web.servlet.mvc.method.annotation.RequestMappingHandlerMapping - Mapped "{[/test/encodeImg]}" onto public void org.scau.mall.web.controller.IndexController.encodeImg(javax.servlet.http.HttpServletRequest,javax.servlet.http.HttpServletResponse) throws java.io.IOException
[scau-mall-web] 18:00:54.274 [main] INFO  org.springframework.web.servlet.mvc.method.annotation.RequestMappingHandlerMapping - Mapped "{[/test/middle]}" onto public java.lang.String org.scau.mall.web.controller.IndexController.middle(org.springframework.ui.ModelMap)
[scau-mall-web] 18:00:54.275 [main] INFO  org.springframework.web.servlet.mvc.method.annotation.RequestMappingHandlerMapping - Mapped "{[/login/index]}" onto public java.lang.String org.scau.mall.web.controller.LoginController.index(org.springframework.ui.ModelMap)
[scau-mall-web] 18:00:54.275 [main] INFO  org.springframework.web.servlet.mvc.method.annotation.RequestMappingHandlerMapping - Mapped "{[/login/submit]}" onto public java.lang.String org.scau.mall.web.controller.LoginController.submit(org.springframework.ui.ModelMap)
[scau-mall-web] 18:00:54.276 [main] INFO  org.springframework.web.servlet.mvc.method.annotation.RequestMappingHandlerMapping - Mapped "{[/error]}" onto public org.springframework.http.ResponseEntity<java.util.Map<java.lang.String, java.lang.Object>> org.springframework.boot.autoconfigure.web.BasicErrorController.error(javax.servlet.http.HttpServletRequest)
[scau-mall-web] 18:00:54.277 [main] INFO  org.springframework.web.servlet.mvc.method.annotation.RequestMappingHandlerMapping - Mapped "{[/error],produces=[text/html]}" onto public org.springframework.web.servlet.ModelAndView org.springframework.boot.autoconfigure.web.BasicErrorController.errorHtml(javax.servlet.http.HttpServletRequest,javax.servlet.http.HttpServletResponse)
[scau-mall-web] 18:00:54.315 [main] INFO  org.springframework.web.servlet.handler.SimpleUrlHandlerMapping - Mapped URL path [/webjars/**] onto handler of type [class org.springframework.web.servlet.resource.ResourceHttpRequestHandler]
[scau-mall-web] 18:00:54.315 [main] INFO  org.springframework.web.servlet.handler.SimpleUrlHandlerMapping - Mapped URL path [/**] onto handler of type [class org.springframework.web.servlet.resource.ResourceHttpRequestHandler]
[scau-mall-web] 18:00:54.372 [main] INFO  org.springframework.web.servlet.handler.SimpleUrlHandlerMapping - Mapped URL path [/**/favicon.ico] onto handler of type [class org.springframework.web.servlet.resource.ResourceHttpRequestHandler]
[scau-mall-web] 18:00:54.903 [main] INFO  org.springframework.web.servlet.view.freemarker.FreeMarkerConfigurer - ClassTemplateLoader for Spring macros added to FreeMarker configuration
[scau-mall-web] 18:00:55.238 [main] INFO  org.springframework.jmx.export.annotation.AnnotationMBeanExporter - Registering beans for JMX exposure on startup
[scau-mall-web] 18:00:55.252 [main] INFO  org.apache.coyote.http11.Http11NioProtocol - Starting ProtocolHandler ["http-nio-8081"]
[scau-mall-web] 18:00:55.281 [main] INFO  org.apache.tomcat.util.net.NioSelectorPool - Using a shared selector for servlet write/read
[scau-mall-web] 18:00:55.317 [main] INFO  org.springframework.boot.context.embedded.tomcat.TomcatEmbeddedServletContainer - Tomcat started on port(s): 8081 (http)
[scau-mall-web] 18:00:55.323 [main] INFO  org.scau.mall.web.App - Started App in 5.614 seconds (JVM running for 6.845)
[scau-mall-web] 18:01:21.948 [http-nio-8081-exec-1] INFO  org.apache.catalina.core.ContainerBase.[Tomcat].[localhost].[/] - Initializing Spring FrameworkServlet 'dispatcherServlet'
[scau-mall-web] 18:01:21.948 [http-nio-8081-exec-1] INFO  org.springframework.web.servlet.DispatcherServlet - FrameworkServlet 'dispatcherServlet': initialization started
[scau-mall-web] 18:01:22.004 [http-nio-8081-exec-1] INFO  org.springframework.web.servlet.DispatcherServlet - FrameworkServlet 'dispatcherServlet': initialization completed in 56 ms
