[scau-mall-web] 22:28:06.814 [main] INFO  org.scau.mall.web.App - Starting App on DESKTOP-KEBSTMU with PID 21036 (D:\workspace-xrk\scau-mall\scau-mall\scau-mall-web\target\classes started by John in D:\workspace-xrk\scau-mall\scau-mall\scau-mall-web)
[scau-mall-web] 22:28:06.855 [main] DEBUG org.scau.mall.web.App - Running with Spring Boot v1.5.12.RELEASE, Spring v4.3.16.RELEASE
[scau-mall-web] 22:28:06.856 [main] INFO  org.scau.mall.web.App - No active profile set, falling back to default profiles: default
[scau-mall-web] 22:28:06.938 [main] INFO  org.springframework.boot.context.embedded.AnnotationConfigEmbeddedWebApplicationContext - Refreshing org.springframework.boot.context.embedded.AnnotationConfigEmbeddedWebApplicationContext@1e636ea3: startup date [Tue Aug 10 22:28:06 CST 2021]; root of context hierarchy
[scau-mall-web] 22:28:07.348 [background-preinit] INFO  org.hibernate.validator.internal.util.Version - HV000001: Hibernate Validator 5.3.6.Final
[scau-mall-web] 22:28:08.037 [main] INFO  org.springframework.data.repository.config.RepositoryConfigurationDelegate - Multiple Spring Data modules found, entering strict repository configuration mode!
[scau-mall-web] 22:28:09.699 [main] INFO  org.springframework.boot.context.embedded.tomcat.TomcatEmbeddedServletContainer - Tomcat initialized with port(s): 8081 (http)
[scau-mall-web] 22:28:09.725 [main] INFO  org.apache.coyote.http11.Http11NioProtocol - Initializing ProtocolHandler ["http-nio-8081"]
[scau-mall-web] 22:28:09.744 [main] INFO  org.apache.catalina.core.StandardService - Starting service [Tomcat]
[scau-mall-web] 22:28:09.744 [main] INFO  org.apache.catalina.core.StandardEngine - Starting Servlet Engine: Apache Tomcat/8.5.29
[scau-mall-web] 22:28:09.929 [localhost-startStop-1] INFO  org.apache.catalina.core.ContainerBase.[Tomcat].[localhost].[/] - Initializing Spring embedded WebApplicationContext
[scau-mall-web] 22:28:09.929 [localhost-startStop-1] INFO  org.springframework.web.context.ContextLoader - Root WebApplicationContext: initialization completed in 2991 ms
[scau-mall-web] 22:28:10.168 [localhost-startStop-1] INFO  org.springframework.boot.web.servlet.ServletRegistrationBean - Mapping servlet: 'dispatcherServlet' to [/]
[scau-mall-web] 22:28:10.174 [localhost-startStop-1] INFO  org.springframework.boot.web.servlet.FilterRegistrationBean - Mapping filter: 'characterEncodingFilter' to: [/*]
[scau-mall-web] 22:28:10.174 [localhost-startStop-1] INFO  org.springframework.boot.web.servlet.FilterRegistrationBean - Mapping filter: 'hiddenHttpMethodFilter' to: [/*]
[scau-mall-web] 22:28:10.174 [localhost-startStop-1] INFO  org.springframework.boot.web.servlet.FilterRegistrationBean - Mapping filter: 'httpPutFormContentFilter' to: [/*]
[scau-mall-web] 22:28:10.174 [localhost-startStop-1] INFO  org.springframework.boot.web.servlet.FilterRegistrationBean - Mapping filter: 'requestContextFilter' to: [/*]
[scau-mall-web] 22:28:10.708 [main] INFO  org.springframework.web.servlet.mvc.method.annotation.RequestMappingHandlerAdapter - Looking for @ControllerAdvice: org.springframework.boot.context.embedded.AnnotationConfigEmbeddedWebApplicationContext@1e636ea3: startup date [Tue Aug 10 22:28:06 CST 2021]; root of context hierarchy
[scau-mall-web] 22:28:10.835 [main] INFO  org.springframework.web.servlet.mvc.method.annotation.RequestMappingHandlerMapping - Mapped "{[/test/index]}" onto public java.lang.String org.scau.mall.web.controller.IndexController.index(org.springframework.ui.ModelMap)
[scau-mall-web] 22:28:10.837 [main] INFO  org.springframework.web.servlet.mvc.method.annotation.RequestMappingHandlerMapping - Mapped "{[/test/encodeImg]}" onto public void org.scau.mall.web.controller.IndexController.encodeImg(javax.servlet.http.HttpServletRequest,javax.servlet.http.HttpServletResponse) throws java.io.IOException
[scau-mall-web] 22:28:10.838 [main] INFO  org.springframework.web.servlet.mvc.method.annotation.RequestMappingHandlerMapping - Mapped "{[/test/middle]}" onto public java.lang.String org.scau.mall.web.controller.IndexController.middle(org.springframework.ui.ModelMap)
[scau-mall-web] 22:28:10.839 [main] INFO  org.springframework.web.servlet.mvc.method.annotation.RequestMappingHandlerMapping - Mapped "{[/login/index]}" onto public java.lang.String org.scau.mall.web.controller.LoginController.index(org.springframework.ui.ModelMap)
[scau-mall-web] 22:28:10.840 [main] INFO  org.springframework.web.servlet.mvc.method.annotation.RequestMappingHandlerMapping - Mapped "{[/login/submit]}" onto public java.lang.String org.scau.mall.web.controller.LoginController.submit(org.springframework.ui.ModelMap)
[scau-mall-web] 22:28:10.843 [main] INFO  org.springframework.web.servlet.mvc.method.annotation.RequestMappingHandlerMapping - Mapped "{[/error]}" onto public org.springframework.http.ResponseEntity<java.util.Map<java.lang.String, java.lang.Object>> org.springframework.boot.autoconfigure.web.BasicErrorController.error(javax.servlet.http.HttpServletRequest)
[scau-mall-web] 22:28:10.846 [main] INFO  org.springframework.web.servlet.mvc.method.annotation.RequestMappingHandlerMapping - Mapped "{[/error],produces=[text/html]}" onto public org.springframework.web.servlet.ModelAndView org.springframework.boot.autoconfigure.web.BasicErrorController.errorHtml(javax.servlet.http.HttpServletRequest,javax.servlet.http.HttpServletResponse)
[scau-mall-web] 22:28:10.914 [main] INFO  org.springframework.web.servlet.handler.SimpleUrlHandlerMapping - Mapped URL path [/webjars/**] onto handler of type [class org.springframework.web.servlet.resource.ResourceHttpRequestHandler]
[scau-mall-web] 22:28:10.915 [main] INFO  org.springframework.web.servlet.handler.SimpleUrlHandlerMapping - Mapped URL path [/**] onto handler of type [class org.springframework.web.servlet.resource.ResourceHttpRequestHandler]
[scau-mall-web] 22:28:11.022 [main] INFO  org.springframework.web.servlet.handler.SimpleUrlHandlerMapping - Mapped URL path [/**/favicon.ico] onto handler of type [class org.springframework.web.servlet.resource.ResourceHttpRequestHandler]
[scau-mall-web] 22:28:11.599 [main] INFO  org.springframework.web.servlet.view.freemarker.FreeMarkerConfigurer - ClassTemplateLoader for Spring macros added to FreeMarker configuration
[scau-mall-web] 22:28:11.930 [main] INFO  org.springframework.jmx.export.annotation.AnnotationMBeanExporter - Registering beans for JMX exposure on startup
[scau-mall-web] 22:28:11.945 [main] INFO  org.apache.coyote.http11.Http11NioProtocol - Starting ProtocolHandler ["http-nio-8081"]
[scau-mall-web] 22:28:11.974 [main] INFO  org.apache.tomcat.util.net.NioSelectorPool - Using a shared selector for servlet write/read
[scau-mall-web] 22:28:12.012 [main] INFO  org.springframework.boot.context.embedded.tomcat.TomcatEmbeddedServletContainer - Tomcat started on port(s): 8081 (http)
[scau-mall-web] 22:28:12.018 [main] INFO  org.scau.mall.web.App - Started App in 6.111 seconds (JVM running for 8.243)
[scau-mall-web] 22:28:13.788 [http-nio-8081-exec-1] INFO  org.apache.catalina.core.ContainerBase.[Tomcat].[localhost].[/] - Initializing Spring FrameworkServlet 'dispatcherServlet'
[scau-mall-web] 22:28:13.788 [http-nio-8081-exec-1] INFO  org.springframework.web.servlet.DispatcherServlet - FrameworkServlet 'dispatcherServlet': initialization started
[scau-mall-web] 22:28:13.832 [http-nio-8081-exec-1] INFO  org.springframework.web.servlet.DispatcherServlet - FrameworkServlet 'dispatcherServlet': initialization completed in 44 ms
