[scau-mall-web] 22:30:22.800 [main] INFO  org.scau.mall.web.MallWebApplication - Starting MallWebApplication on DESKTOP-KEBSTMU with PID 27500 (D:\workspace-xrk\scau-mall\scau-mall\scau-mall-web\target\classes started by John in D:\workspace-xrk\scau-mall\scau-mall\scau-mall-web)
[scau-mall-web] 22:30:22.861 [main] DEBUG org.scau.mall.web.MallWebApplication - Running with Spring Boot v1.5.12.RELEASE, Spring v4.3.16.RELEASE
[scau-mall-web] 22:30:22.869 [main] INFO  org.scau.mall.web.MallWebApplication - No active profile set, falling back to default profiles: default
[scau-mall-web] 22:30:23.035 [main] INFO  org.springframework.boot.context.embedded.AnnotationConfigEmbeddedWebApplicationContext - Refreshing org.springframework.boot.context.embedded.AnnotationConfigEmbeddedWebApplicationContext@635572a7: startup date [Thu Mar 17 22:30:23 CST 2022]; root of context hierarchy
[scau-mall-web] 22:30:23.836 [background-preinit] INFO  org.hibernate.validator.internal.util.Version - HV000001: Hibernate Validator 5.3.6.Final
[scau-mall-web] 22:30:25.833 [main] INFO  org.springframework.data.repository.config.RepositoryConfigurationDelegate - Multiple Spring Data modules found, entering strict repository configuration mode!
[scau-mall-web] 22:30:27.306 [main] INFO  org.springframework.context.support.PostProcessorRegistrationDelegate$BeanPostProcessorChecker - Bean 'druidDataSourceConfig' of type [org.scau.mall.config.datasource.DruidDataSourceConfig$$EnhancerBySpringCGLIB$$262b4a12] is not eligible for getting processed by all BeanPostProcessors (for example: not eligible for auto-proxying)
[scau-mall-web] 22:30:27.311 [main] INFO  org.springframework.context.support.PostProcessorRegistrationDelegate$BeanPostProcessorChecker - Bean 'dynamicDataSourceConfig' of type [org.scau.mall.config.datasource.DynamicDataSourceConfig$$EnhancerBySpringCGLIB$$d2fbabaf] is not eligible for getting processed by all BeanPostProcessors (for example: not eligible for auto-proxying)
[scau-mall-web] 22:30:28.545 [main] INFO  com.alibaba.druid.pool.DruidDataSource - {dataSource-1} inited
[scau-mall-web] 22:30:28.589 [main] INFO  org.springframework.context.support.PostProcessorRegistrationDelegate$BeanPostProcessorChecker - Bean 'dataSource' of type [org.scau.mall.config.datasource.DynamicDataSource] is not eligible for getting processed by all BeanPostProcessors (for example: not eligible for auto-proxying)
[scau-mall-web] 22:30:28.593 [main] INFO  org.springframework.context.support.PostProcessorRegistrationDelegate$BeanPostProcessorChecker - Bean 'mybatisConfig' of type [org.scau.mall.config.MybatisConfig$$EnhancerBySpringCGLIB$$1535ff43] is not eligible for getting processed by all BeanPostProcessors (for example: not eligible for auto-proxying)
[scau-mall-web] 22:30:29.464 [main] INFO  org.springframework.context.support.PostProcessorRegistrationDelegate$BeanPostProcessorChecker - Bean 'sqlSessionFactory' of type [org.apache.ibatis.session.defaults.DefaultSqlSessionFactory] is not eligible for getting processed by all BeanPostProcessors (for example: not eligible for auto-proxying)
[scau-mall-web] 22:30:29.482 [main] INFO  org.springframework.context.support.PostProcessorRegistrationDelegate$BeanPostProcessorChecker - Bean 'pmsUserMapper' of type [org.mybatis.spring.mapper.MapperFactoryBean] is not eligible for getting processed by all BeanPostProcessors (for example: not eligible for auto-proxying)
[scau-mall-web] 22:30:29.488 [main] INFO  org.springframework.context.support.PostProcessorRegistrationDelegate$BeanPostProcessorChecker - Bean 'pmsOrdersMapper' of type [org.mybatis.spring.mapper.MapperFactoryBean] is not eligible for getting processed by all BeanPostProcessors (for example: not eligible for auto-proxying)
[scau-mall-web] 22:30:29.490 [main] INFO  org.springframework.context.support.PostProcessorRegistrationDelegate$BeanPostProcessorChecker - Bean 'pmsMenuMapper' of type [org.mybatis.spring.mapper.MapperFactoryBean] is not eligible for getting processed by all BeanPostProcessors (for example: not eligible for auto-proxying)
[scau-mall-web] 22:30:29.493 [main] INFO  org.springframework.context.support.PostProcessorRegistrationDelegate$BeanPostProcessorChecker - Bean 'pmsClientMapper' of type [org.mybatis.spring.mapper.MapperFactoryBean] is not eligible for getting processed by all BeanPostProcessors (for example: not eligible for auto-proxying)
[scau-mall-web] 22:30:29.499 [main] INFO  org.springframework.context.support.PostProcessorRegistrationDelegate$BeanPostProcessorChecker - Bean 'pmsClientLoanRecordMapper' of type [org.mybatis.spring.mapper.MapperFactoryBean] is not eligible for getting processed by all BeanPostProcessors (for example: not eligible for auto-proxying)
[scau-mall-web] 22:30:29.501 [main] INFO  org.springframework.context.support.PostProcessorRegistrationDelegate$BeanPostProcessorChecker - Bean 'ordersMapper' of type [org.mybatis.spring.mapper.MapperFactoryBean] is not eligible for getting processed by all BeanPostProcessors (for example: not eligible for auto-proxying)
[scau-mall-web] 22:30:29.824 [main] INFO  org.springframework.context.support.PostProcessorRegistrationDelegate$BeanPostProcessorChecker - Bean 'redisConfig' of type [org.scau.mall.config.redis.RedisConfig$$EnhancerBySpringCGLIB$$1a2c8398] is not eligible for getting processed by all BeanPostProcessors (for example: not eligible for auto-proxying)
[scau-mall-web] 22:30:30.573 [main] INFO  org.springframework.context.support.PostProcessorRegistrationDelegate$BeanPostProcessorChecker - Bean 'org.springframework.cache.annotation.ProxyCachingConfiguration' of type [org.springframework.cache.annotation.ProxyCachingConfiguration$$EnhancerBySpringCGLIB$$4939d679] is not eligible for getting processed by all BeanPostProcessors (for example: not eligible for auto-proxying)
[scau-mall-web] 22:30:30.734 [main] INFO  org.springframework.context.support.PostProcessorRegistrationDelegate$BeanPostProcessorChecker - Bean 'org.springframework.transaction.annotation.ProxyTransactionManagementConfiguration' of type [org.springframework.transaction.annotation.ProxyTransactionManagementConfiguration$$EnhancerBySpringCGLIB$$27a05b] is not eligible for getting processed by all BeanPostProcessors (for example: not eligible for auto-proxying)
[scau-mall-web] 22:30:30.967 [main] INFO  org.springframework.context.support.PostProcessorRegistrationDelegate$BeanPostProcessorChecker - Bean 'org.springframework.security.config.annotation.configuration.ObjectPostProcessorConfiguration' of type [org.springframework.security.config.annotation.configuration.ObjectPostProcessorConfiguration$$EnhancerBySpringCGLIB$$98d56895] is not eligible for getting processed by all BeanPostProcessors (for example: not eligible for auto-proxying)
[scau-mall-web] 22:30:30.995 [main] INFO  org.springframework.context.support.PostProcessorRegistrationDelegate$BeanPostProcessorChecker - Bean 'objectPostProcessor' of type [org.springframework.security.config.annotation.configuration.AutowireBeanFactoryObjectPostProcessor] is not eligible for getting processed by all BeanPostProcessors (for example: not eligible for auto-proxying)
[scau-mall-web] 22:30:31.004 [main] INFO  org.springframework.context.support.PostProcessorRegistrationDelegate$BeanPostProcessorChecker - Bean 'org.springframework.security.access.expression.method.DefaultMethodSecurityExpressionHandler@3a479fda' of type [org.springframework.security.access.expression.method.DefaultMethodSecurityExpressionHandler] is not eligible for getting processed by all BeanPostProcessors (for example: not eligible for auto-proxying)
[scau-mall-web] 22:30:31.021 [main] INFO  org.springframework.context.support.PostProcessorRegistrationDelegate$BeanPostProcessorChecker - Bean 'org.springframework.security.config.annotation.method.configuration.GlobalMethodSecurityConfiguration' of type [org.springframework.security.config.annotation.method.configuration.GlobalMethodSecurityConfiguration$$EnhancerBySpringCGLIB$$bdaa0b47] is not eligible for getting processed by all BeanPostProcessors (for example: not eligible for auto-proxying)
[scau-mall-web] 22:30:31.074 [main] INFO  org.springframework.context.support.PostProcessorRegistrationDelegate$BeanPostProcessorChecker - Bean 'methodSecurityMetadataSource' of type [org.springframework.security.access.method.DelegatingMethodSecurityMetadataSource] is not eligible for getting processed by all BeanPostProcessors (for example: not eligible for auto-proxying)
[scau-mall-web] 22:30:33.146 [main] INFO  org.springframework.boot.context.embedded.tomcat.TomcatEmbeddedServletContainer - Tomcat initialized with port(s): 8082 (http)
[scau-mall-web] 22:30:33.221 [main] INFO  org.apache.coyote.http11.Http11NioProtocol - Initializing ProtocolHandler ["http-nio-8082"]
[scau-mall-web] 22:30:33.278 [main] INFO  org.apache.catalina.core.StandardService - Starting service [Tomcat]
[scau-mall-web] 22:30:33.279 [main] INFO  org.apache.catalina.core.StandardEngine - Starting Servlet Engine: Apache Tomcat/8.5.29
[scau-mall-web] 22:30:33.727 [localhost-startStop-1] INFO  org.apache.catalina.core.ContainerBase.[Tomcat].[localhost].[/] - Initializing Spring embedded WebApplicationContext
[scau-mall-web] 22:30:33.727 [localhost-startStop-1] INFO  org.springframework.web.context.ContextLoader - Root WebApplicationContext: initialization completed in 10692 ms
[scau-mall-web] 22:30:36.617 [localhost-startStop-1] INFO  org.springframework.boot.web.servlet.FilterRegistrationBean - Mapping filter: 'characterEncodingFilter' to: [/*]
[scau-mall-web] 22:30:36.667 [localhost-startStop-1] INFO  org.springframework.boot.web.servlet.FilterRegistrationBean - Mapping filter: 'hiddenHttpMethodFilter' to: [/*]
[scau-mall-web] 22:30:36.667 [localhost-startStop-1] INFO  org.springframework.boot.web.servlet.FilterRegistrationBean - Mapping filter: 'httpPutFormContentFilter' to: [/*]
[scau-mall-web] 22:30:36.667 [localhost-startStop-1] INFO  org.springframework.boot.web.servlet.FilterRegistrationBean - Mapping filter: 'requestContextFilter' to: [/*]
[scau-mall-web] 22:30:36.670 [localhost-startStop-1] INFO  org.springframework.boot.web.servlet.DelegatingFilterProxyRegistrationBean - Mapping filter: 'springSecurityFilterChain' to: [/*]
[scau-mall-web] 22:30:36.670 [localhost-startStop-1] INFO  org.springframework.boot.web.servlet.FilterRegistrationBean - Mapping filter: 'corsFilter' to: [/*]
[scau-mall-web] 22:30:36.670 [localhost-startStop-1] INFO  org.springframework.boot.web.servlet.FilterRegistrationBean - Mapping filter: 'jwtAuthencationTokenFilter' to: [/*]
[scau-mall-web] 22:30:36.671 [localhost-startStop-1] INFO  org.springframework.boot.web.servlet.ServletRegistrationBean - Mapping servlet: 'dispatcherServlet' to [/]
[scau-mall-web] 22:30:36.757 [localhost-startStop-1] DEBUG org.scau.mall.web.security.filter.JwtAuthencationTokenFilter - Initializing filter 'jwtAuthencationTokenFilter'
[scau-mall-web] 22:30:36.757 [localhost-startStop-1] DEBUG org.scau.mall.web.security.filter.JwtAuthencationTokenFilter - Filter 'jwtAuthencationTokenFilter' configured successfully
[scau-mall-web] 22:30:38.305 [main] INFO  org.springframework.security.web.DefaultSecurityFilterChain - Creating filter chain: Ant [pattern='/register'], []
[scau-mall-web] 22:30:38.306 [main] INFO  org.springframework.security.web.DefaultSecurityFilterChain - Creating filter chain: Ant [pattern='/login'], []
[scau-mall-web] 22:30:38.306 [main] INFO  org.springframework.security.web.DefaultSecurityFilterChain - Creating filter chain: Ant [pattern='/login/**'], []
[scau-mall-web] 22:30:38.306 [main] INFO  org.springframework.security.web.DefaultSecurityFilterChain - Creating filter chain: Ant [pattern='/test/**'], []
[scau-mall-web] 22:30:38.306 [main] INFO  org.springframework.security.web.DefaultSecurityFilterChain - Creating filter chain: Ant [pattern='/logout'], []
[scau-mall-web] 22:30:38.306 [main] INFO  org.springframework.security.web.DefaultSecurityFilterChain - Creating filter chain: Ant [pattern='/index_files/**'], []
[scau-mall-web] 22:30:38.306 [main] INFO  org.springframework.security.web.DefaultSecurityFilterChain - Creating filter chain: Ant [pattern='/master_files/**'], []
[scau-mall-web] 22:30:38.306 [main] INFO  org.springframework.security.web.DefaultSecurityFilterChain - Creating filter chain: Ant [pattern='/pageJs/**'], []
[scau-mall-web] 22:30:38.306 [main] INFO  org.springframework.security.web.DefaultSecurityFilterChain - Creating filter chain: Ant [pattern='bg_up.png'], []
[scau-mall-web] 22:30:38.307 [main] INFO  org.springframework.security.web.DefaultSecurityFilterChain - Creating filter chain: Ant [pattern='common.js'], []
[scau-mall-web] 22:30:38.307 [main] INFO  org.springframework.security.web.DefaultSecurityFilterChain - Creating filter chain: Ant [pattern='/templates/**'], []
[scau-mall-web] 22:30:38.308 [main] INFO  org.springframework.security.web.DefaultSecurityFilterChain - Creating filter chain: Ant [pattern='/index.html'], []
[scau-mall-web] 22:30:38.310 [main] INFO  org.springframework.security.web.DefaultSecurityFilterChain - Creating filter chain: Ant [pattern='favicon.ico'], []
[scau-mall-web] 22:30:38.319 [main] INFO  org.springframework.security.web.DefaultSecurityFilterChain - Creating filter chain: Ant [pattern='/doc.html'], []
[scau-mall-web] 22:30:38.320 [main] INFO  org.springframework.security.web.DefaultSecurityFilterChain - Creating filter chain: Ant [pattern='/webjars/**'], []
[scau-mall-web] 22:30:38.320 [main] INFO  org.springframework.security.web.DefaultSecurityFilterChain - Creating filter chain: Ant [pattern='/swagger-resources/**'], []
[scau-mall-web] 22:30:38.320 [main] INFO  org.springframework.security.web.DefaultSecurityFilterChain - Creating filter chain: Ant [pattern='/v2/api-docs/**'], []
[scau-mall-web] 22:30:38.320 [main] INFO  org.springframework.security.web.DefaultSecurityFilterChain - Creating filter chain: Ant [pattern='/captcha'], []
[scau-mall-web] 22:30:38.320 [main] INFO  org.springframework.security.web.DefaultSecurityFilterChain - Creating filter chain: Ant [pattern='/ws/**'], []
[scau-mall-web] 22:30:38.792 [main] INFO  org.springframework.security.web.DefaultSecurityFilterChain - Creating filter chain: org.springframework.security.web.util.matcher.AnyRequestMatcher@1, [org.springframework.security.web.context.request.async.WebAsyncManagerIntegrationFilter@27f71195, org.springframework.security.web.context.SecurityContextPersistenceFilter@1ee40b5c, org.springframework.security.web.header.HeaderWriterFilter@3e53c4ad, org.springframework.web.filter.CorsFilter@402175da, org.springframework.security.web.authentication.logout.LogoutFilter@45c80312, org.scau.mall.web.security.filter.JwtAuthencationTokenFilter@6716f14c, org.springframework.security.web.savedrequest.RequestCacheAwareFilter@703e8050, org.springframework.security.web.servletapi.SecurityContextHolderAwareRequestFilter@2d4a3e13, org.springframework.security.web.authentication.AnonymousAuthenticationFilter@340afaf8, org.springframework.security.web.session.SessionManagementFilter@5fb54740, org.springframework.security.web.access.ExceptionTranslationFilter@33324c05, org.springframework.security.web.access.intercept.FilterSecurityInterceptor@5122e4bf]
[scau-mall-web] 22:30:41.722 [main] INFO  org.springframework.web.servlet.mvc.method.annotation.RequestMappingHandlerAdapter - Looking for @ControllerAdvice: org.springframework.boot.context.embedded.AnnotationConfigEmbeddedWebApplicationContext@635572a7: startup date [Thu Mar 17 22:30:23 CST 2022]; root of context hierarchy
[scau-mall-web] 22:30:42.236 [main] INFO  org.springframework.web.servlet.mvc.method.annotation.RequestMappingHandlerMapping - Mapped "{[/get],methods=[GET]}" onto public java.lang.String org.scau.mall.web.controller.AuthController.aaa()
[scau-mall-web] 22:30:42.243 [main] INFO  org.springframework.web.servlet.mvc.method.annotation.RequestMappingHandlerMapping - Mapped "{[/register],methods=[POST]}" onto public org.scau.mall.vo.resp.CommonRespone<org.scau.mall.service.pojo.PmsUser> org.scau.mall.web.controller.AuthController.registerUser(java.util.Map<java.lang.String, java.lang.String>)
[scau-mall-web] 22:30:42.244 [main] INFO  org.springframework.web.servlet.mvc.method.annotation.RequestMappingHandlerMapping - Mapped "{[/login],methods=[POST]}" onto public org.scau.mall.vo.resp.CommonRespone<org.scau.mall.web.vo.UsersVo> org.scau.mall.web.controller.AuthController.login(org.scau.mall.web.security.pojo.LoginDto,javax.servlet.http.HttpServletRequest)
[scau-mall-web] 22:30:42.246 [main] INFO  org.springframework.web.servlet.mvc.method.annotation.RequestMappingHandlerMapping - Mapped "{[/clients],methods=[GET]}" onto public org.scau.mall.vo.resp.CommonRespone<org.scau.mall.web.vo.PageShowVo<org.scau.mall.web.vo.ClientsVo>> org.scau.mall.web.controller.client.ClientController.clients(org.scau.mall.web.vo.QueryVo,javax.servlet.http.HttpServletRequest)
[scau-mall-web] 22:30:42.251 [main] INFO  org.springframework.web.servlet.mvc.method.annotation.RequestMappingHandlerMapping - Mapped "{[/api/v1/customer/index],methods=[GET]}" onto public java.lang.String org.scau.mall.web.controller.CustomerController.index(javax.servlet.http.HttpServletRequest,org.scau.mall.vo.ClientLoadRecordVo)
[scau-mall-web] 22:30:42.254 [main] INFO  org.springframework.web.servlet.mvc.method.annotation.RequestMappingHandlerMapping - Mapped "{[/api/v1/customer/add]}" onto public org.scau.mall.vo.resp.ResponeData<java.lang.Object> org.scau.mall.web.controller.CustomerController.add(javax.servlet.http.HttpServletRequest,org.scau.mall.vo.ClientLoadRecordVo)
[scau-mall-web] 22:30:42.256 [main] INFO  org.springframework.web.servlet.mvc.method.annotation.RequestMappingHandlerMapping - Mapped "{[/api/v1/customer/list]}" onto public org.scau.mall.vo.resp.ResponeData<org.scau.mall.vo.PmsClientShowVo> org.scau.mall.web.controller.CustomerController.list(javax.servlet.http.HttpServletRequest,org.scau.mall.vo.PmsClientQueryVo)
[scau-mall-web] 22:30:42.261 [main] INFO  org.springframework.web.servlet.mvc.method.annotation.RequestMappingHandlerMapping - Mapped "{[/api/v1/customer/encodeImg]}" onto public void org.scau.mall.web.controller.CustomerController.encodeImg(javax.servlet.http.HttpServletRequest,javax.servlet.http.HttpServletResponse) throws java.io.IOException
[scau-mall-web] 22:30:42.262 [main] INFO  org.springframework.web.servlet.mvc.method.annotation.RequestMappingHandlerMapping - Mapped "{[/api/v1/customer/middle]}" onto public java.lang.String org.scau.mall.web.controller.CustomerController.middle(org.springframework.ui.ModelMap)
[scau-mall-web] 22:30:42.274 [main] INFO  org.springframework.web.servlet.mvc.method.annotation.RequestMappingHandlerMapping - Mapped "{[/fdfs_upload],methods=[POST]}" onto public org.scau.mall.vo.resp.CommonRespone<java.lang.Object> org.scau.mall.web.controller.file.FileController.fileUpload(org.springframework.web.multipart.MultipartFile)
[scau-mall-web] 22:30:42.277 [main] INFO  org.springframework.web.servlet.mvc.method.annotation.RequestMappingHandlerMapping - Mapped "{[/test/index]}" onto public java.lang.String org.scau.mall.web.controller.IndexController.index(org.springframework.ui.ModelMap)
[scau-mall-web] 22:30:42.280 [main] INFO  org.springframework.web.servlet.mvc.method.annotation.RequestMappingHandlerMapping - Mapped "{[/test/encodeImg]}" onto public void org.scau.mall.web.controller.IndexController.encodeImg(javax.servlet.http.HttpServletRequest,javax.servlet.http.HttpServletResponse) throws java.io.IOException
[scau-mall-web] 22:30:42.282 [main] INFO  org.springframework.web.servlet.mvc.method.annotation.RequestMappingHandlerMapping - Mapped "{[/test/middle]}" onto public java.lang.String org.scau.mall.web.controller.IndexController.middle(org.springframework.ui.ModelMap)
[scau-mall-web] 22:30:42.284 [main] INFO  org.springframework.web.servlet.mvc.method.annotation.RequestMappingHandlerMapping - Mapped "{[/login/index]}" onto public java.lang.String org.scau.mall.web.controller.LoginController.index(org.springframework.ui.ModelMap)
[scau-mall-web] 22:30:42.285 [main] INFO  org.springframework.web.servlet.mvc.method.annotation.RequestMappingHandlerMapping - Mapped "{[/login/submit]}" onto public java.lang.String org.scau.mall.web.controller.LoginController.submit(org.springframework.ui.ModelMap)
[scau-mall-web] 22:30:42.290 [main] INFO  org.springframework.web.servlet.mvc.method.annotation.RequestMappingHandlerMapping - Mapped "{[/menus],methods=[GET]}" onto public org.scau.mall.vo.resp.CommonRespone<java.util.List<org.scau.mall.web.vo.MenusVo>> org.scau.mall.web.controller.MenuController.menus(javax.servlet.http.HttpServletRequest)
[scau-mall-web] 22:30:42.294 [main] INFO  org.springframework.web.servlet.mvc.method.annotation.RequestMappingHandlerMapping - Mapped "{[/verifyPass],methods=[POST]}" onto public org.scau.mall.vo.resp.CommonRespone<java.lang.Object> org.scau.mall.web.controller.order.OrderController.verifyPass(org.scau.mall.web.vo.AuditFormBody,javax.servlet.http.HttpServletRequest)
[scau-mall-web] 22:30:42.295 [main] INFO  org.springframework.web.servlet.mvc.method.annotation.RequestMappingHandlerMapping - Mapped "{[/orders],methods=[GET]}" onto public org.scau.mall.vo.resp.CommonRespone<org.scau.mall.web.vo.PageShowVo<org.scau.mall.web.vo.OrdersVo>> org.scau.mall.web.controller.order.OrderController.orders(org.scau.mall.web.vo.QueryVo,javax.servlet.http.HttpServletRequest)
[scau-mall-web] 22:30:42.318 [main] INFO  org.springframework.web.servlet.mvc.method.annotation.RequestMappingHandlerMapping - Mapped "{[/users/{id}/state/{mg_state}],methods=[PUT]}" onto public org.scau.mall.vo.resp.CommonRespone<org.scau.mall.web.vo.UsersVo> org.scau.mall.web.controller.user.UserController.changeUserStatus(java.lang.Integer,boolean)
[scau-mall-web] 22:30:42.321 [main] INFO  org.springframework.web.servlet.mvc.method.annotation.RequestMappingHandlerMapping - Mapped "{[/users/{id}],methods=[DELETE]}" onto public org.scau.mall.vo.resp.CommonRespone<org.scau.mall.web.vo.UsersVo> org.scau.mall.web.controller.user.UserController.deleteUser(java.lang.Integer)
[scau-mall-web] 22:30:42.322 [main] INFO  org.springframework.web.servlet.mvc.method.annotation.RequestMappingHandlerMapping - Mapped "{[/users],methods=[GET]}" onto public org.scau.mall.vo.resp.CommonRespone<org.scau.mall.web.vo.PageShowVo<org.scau.mall.web.vo.UsersVo>> org.scau.mall.web.controller.user.UserController.users(org.scau.mall.web.vo.QueryVo,javax.servlet.http.HttpServletRequest)
[scau-mall-web] 22:30:42.324 [main] INFO  org.springframework.web.servlet.mvc.method.annotation.RequestMappingHandlerMapping - Mapped "{[/users/{id}],methods=[PUT]}" onto public org.scau.mall.vo.resp.CommonRespone<org.scau.mall.web.vo.UsersVo> org.scau.mall.web.controller.user.UserController.editUser(java.lang.Integer,java.util.Map<java.lang.String, java.lang.String>)
[scau-mall-web] 22:30:42.325 [main] INFO  org.springframework.web.servlet.mvc.method.annotation.RequestMappingHandlerMapping - Mapped "{[/users/{id}],methods=[GET]}" onto public org.scau.mall.vo.resp.CommonRespone<org.scau.mall.web.vo.UsersVo> org.scau.mall.web.controller.user.UserController.getUserById(java.lang.Integer)
[scau-mall-web] 22:30:42.326 [main] INFO  org.springframework.web.servlet.mvc.method.annotation.RequestMappingHandlerMapping - Mapped "{[/users],methods=[POST]}" onto public org.scau.mall.vo.resp.CommonRespone<org.scau.mall.web.vo.UsersVo> org.scau.mall.web.controller.user.UserController.addUsers(org.scau.mall.service.pojo.PmsUser)
[scau-mall-web] 22:30:42.329 [main] INFO  org.springframework.web.servlet.mvc.method.annotation.RequestMappingHandlerMapping - Mapped "{[/error]}" onto public org.springframework.http.ResponseEntity<java.util.Map<java.lang.String, java.lang.Object>> org.springframework.boot.autoconfigure.web.BasicErrorController.error(javax.servlet.http.HttpServletRequest)
[scau-mall-web] 22:30:42.330 [main] INFO  org.springframework.web.servlet.mvc.method.annotation.RequestMappingHandlerMapping - Mapped "{[/error],produces=[text/html]}" onto public org.springframework.web.servlet.ModelAndView org.springframework.boot.autoconfigure.web.BasicErrorController.errorHtml(javax.servlet.http.HttpServletRequest,javax.servlet.http.HttpServletResponse)
[scau-mall-web] 22:30:42.759 [main] INFO  org.springframework.web.servlet.handler.SimpleUrlHandlerMapping - Mapped URL path [/webjars/**] onto handler of type [class org.springframework.web.servlet.resource.ResourceHttpRequestHandler]
[scau-mall-web] 22:30:42.760 [main] INFO  org.springframework.web.servlet.handler.SimpleUrlHandlerMapping - Mapped URL path [/**] onto handler of type [class org.springframework.web.servlet.resource.ResourceHttpRequestHandler]
[scau-mall-web] 22:30:43.289 [main] INFO  org.springframework.web.servlet.handler.SimpleUrlHandlerMapping - Mapped URL path [/**/favicon.ico] onto handler of type [class org.springframework.web.servlet.resource.ResourceHttpRequestHandler]
[scau-mall-web] 22:30:45.217 [main] INFO  org.springframework.web.servlet.view.freemarker.FreeMarkerConfigurer - ClassTemplateLoader for Spring macros added to FreeMarker configuration
[scau-mall-web] 22:30:47.276 [main] INFO  org.springframework.jmx.export.annotation.AnnotationMBeanExporter - Registering beans for JMX exposure on startup
[scau-mall-web] 22:30:47.322 [main] INFO  org.apache.coyote.http11.Http11NioProtocol - Starting ProtocolHandler ["http-nio-8082"]
[scau-mall-web] 22:30:47.381 [main] INFO  org.apache.tomcat.util.net.NioSelectorPool - Using a shared selector for servlet write/read
[scau-mall-web] 22:30:47.484 [main] INFO  org.springframework.boot.context.embedded.tomcat.TomcatEmbeddedServletContainer - Tomcat started on port(s): 8082 (http)
[scau-mall-web] 22:30:47.498 [main] INFO  org.scau.mall.web.MallWebApplication - Started MallWebApplication in 26.525 seconds (JVM running for 30.728)
[scau-mall-web] 22:34:14.609 [http-nio-8082-exec-1] INFO  org.apache.catalina.core.ContainerBase.[Tomcat].[localhost].[/] - Initializing Spring FrameworkServlet 'dispatcherServlet'
[scau-mall-web] 22:34:14.610 [http-nio-8082-exec-1] INFO  org.springframework.web.servlet.DispatcherServlet - FrameworkServlet 'dispatcherServlet': initialization started
[scau-mall-web] 22:34:14.759 [http-nio-8082-exec-1] INFO  org.springframework.web.servlet.DispatcherServlet - FrameworkServlet 'dispatcherServlet': initialization completed in 149 ms
[scau-mall-web] 22:34:15.284 [http-nio-8082-exec-5] DEBUG org.scau.mall.config.datasource.DynamicDataSource - Use Default datasource : db_master
[scau-mall-web] 22:34:15.552 [http-nio-8082-exec-5] DEBUG org.scau.mall.config.datasource.DynamicDataSource - Use Default datasource : db_master
[scau-mall-web] 22:34:15.566 [http-nio-8082-exec-5] DEBUG org.scau.mall.dao.PmsUserMapper.selectByExample - ==>  Preparing: select 'true' as QUERYID, id, username, password, email, mobile, status, created_at, updated_at from pms_user WHERE ( username = ? and status = ? ) 
[scau-mall-web] 22:34:15.663 [http-nio-8082-exec-5] DEBUG org.scau.mall.dao.PmsUserMapper.selectByExample - ==> Parameters: admin(String), 1(Integer)
[scau-mall-web] 22:34:15.701 [http-nio-8082-exec-5] DEBUG org.scau.mall.dao.PmsUserMapper.selectByExample - <==      Total: 1
[scau-mall-web] 22:34:18.250 [http-nio-8082-exec-4] DEBUG org.scau.mall.config.datasource.DynamicDataSource - Use Default datasource : db_master
[scau-mall-web] 22:34:18.250 [http-nio-8082-exec-4] DEBUG org.scau.mall.dao.PmsUserMapper.selectByExample - ==>  Preparing: select 'true' as QUERYID, id, username, password, email, mobile, status, created_at, updated_at from pms_user WHERE ( username = ? and status = ? ) 
[scau-mall-web] 22:34:18.251 [http-nio-8082-exec-8] DEBUG org.scau.mall.config.datasource.DynamicDataSource - Use Default datasource : db_master
[scau-mall-web] 22:34:18.252 [http-nio-8082-exec-8] DEBUG org.scau.mall.dao.PmsUserMapper.selectByExample - ==>  Preparing: select 'true' as QUERYID, id, username, password, email, mobile, status, created_at, updated_at from pms_user WHERE ( username = ? and status = ? ) 
[scau-mall-web] 22:34:18.250 [http-nio-8082-exec-7] DEBUG org.scau.mall.config.datasource.DynamicDataSource - Use Default datasource : db_master
[scau-mall-web] 22:34:18.250 [http-nio-8082-exec-3] DEBUG org.scau.mall.config.datasource.DynamicDataSource - Use Default datasource : db_master
[scau-mall-web] 22:34:18.253 [http-nio-8082-exec-3] DEBUG org.scau.mall.dao.PmsUserMapper.selectByExample - ==>  Preparing: select 'true' as QUERYID, id, username, password, email, mobile, status, created_at, updated_at from pms_user WHERE ( username = ? and status = ? ) 
[scau-mall-web] 22:34:18.253 [http-nio-8082-exec-4] DEBUG org.scau.mall.dao.PmsUserMapper.selectByExample - ==> Parameters: admin(String), 1(Integer)
[scau-mall-web] 22:34:18.254 [http-nio-8082-exec-7] DEBUG org.scau.mall.dao.PmsUserMapper.selectByExample - ==>  Preparing: select 'true' as QUERYID, id, username, password, email, mobile, status, created_at, updated_at from pms_user WHERE ( username = ? and status = ? ) 
[scau-mall-web] 22:34:18.256 [http-nio-8082-exec-8] DEBUG org.scau.mall.dao.PmsUserMapper.selectByExample - ==> Parameters: admin(String), 1(Integer)
[scau-mall-web] 22:34:18.257 [http-nio-8082-exec-3] DEBUG org.scau.mall.dao.PmsUserMapper.selectByExample - ==> Parameters: admin(String), 1(Integer)
[scau-mall-web] 22:34:18.261 [http-nio-8082-exec-4] DEBUG org.scau.mall.dao.PmsUserMapper.selectByExample - <==      Total: 1
[scau-mall-web] 22:34:18.262 [http-nio-8082-exec-8] DEBUG org.scau.mall.dao.PmsUserMapper.selectByExample - <==      Total: 1
[scau-mall-web] 22:34:18.263 [http-nio-8082-exec-3] DEBUG org.scau.mall.dao.PmsUserMapper.selectByExample - <==      Total: 1
[scau-mall-web] 22:34:18.270 [http-nio-8082-exec-7] DEBUG org.scau.mall.dao.PmsUserMapper.selectByExample - ==> Parameters: admin(String), 1(Integer)
[scau-mall-web] 22:34:18.302 [http-nio-8082-exec-7] DEBUG org.scau.mall.dao.PmsUserMapper.selectByExample - <==      Total: 1
[scau-mall-web] 22:34:18.317 [http-nio-8082-exec-3] DEBUG org.scau.mall.config.datasource.DynamicDataSource - Use Default datasource : db_master
[scau-mall-web] 22:34:18.317 [http-nio-8082-exec-3] DEBUG org.scau.mall.dao.PmsMenuMapper.selectByExample - ==>  Preparing: select 'true' as QUERYID, id, auth_name, pid, is_leaf, path, status, created_at, updated_at from pms_menu WHERE ( status = ? ) 
[scau-mall-web] 22:34:18.319 [http-nio-8082-exec-3] DEBUG org.scau.mall.dao.PmsMenuMapper.selectByExample - ==> Parameters: 1(Integer)
[scau-mall-web] 22:34:18.328 [http-nio-8082-exec-3] DEBUG org.scau.mall.dao.PmsMenuMapper.selectByExample - <==      Total: 7
[scau-mall-web] 22:34:18.345 [http-nio-8082-exec-7] DEBUG org.scau.mall.config.datasource.DynamicDataSource - Use Default datasource : db_master
[scau-mall-web] 22:34:18.345 [http-nio-8082-exec-7] DEBUG org.scau.mall.dao.PmsUserMapper.countByExample - ==>  Preparing: select count(*) from pms_user 
[scau-mall-web] 22:34:18.347 [http-nio-8082-exec-7] DEBUG org.scau.mall.dao.PmsUserMapper.countByExample - ==> Parameters: 
[scau-mall-web] 22:34:18.354 [http-nio-8082-exec-7] DEBUG org.scau.mall.dao.PmsUserMapper.countByExample - <==      Total: 1
[scau-mall-web] 22:34:18.356 [http-nio-8082-exec-7] DEBUG org.scau.mall.config.datasource.DynamicDataSource - Use Default datasource : db_master
[scau-mall-web] 22:34:18.357 [http-nio-8082-exec-7] DEBUG org.scau.mall.dao.PmsUserMapper.selectByExample - ==>  Preparing: select 'true' as QUERYID, id, username, password, email, mobile, status, created_at, updated_at from pms_user order by created_at desc limit 0,1 
[scau-mall-web] 22:34:18.358 [http-nio-8082-exec-7] DEBUG org.scau.mall.dao.PmsUserMapper.selectByExample - ==> Parameters: 
[scau-mall-web] 22:34:18.363 [http-nio-8082-exec-7] DEBUG org.scau.mall.dao.PmsUserMapper.selectByExample - <==      Total: 1
[scau-mall-web] 22:34:18.439 [http-nio-8082-exec-8] DEBUG org.scau.mall.config.datasource.DynamicDataSource - Use Default datasource : db_master
[scau-mall-web] 22:34:18.440 [http-nio-8082-exec-8] DEBUG org.scau.mall.dao.extend.OrdersMapper.countPmsOrders - ==>  Preparing: select count(1) from pms_client pc left join pms_orders pclr on pc.id=pclr.client_id 
[scau-mall-web] 22:34:18.440 [http-nio-8082-exec-8] DEBUG org.scau.mall.dao.extend.OrdersMapper.countPmsOrders - ==> Parameters: 
[scau-mall-web] 22:34:18.444 [http-nio-8082-exec-8] DEBUG org.scau.mall.dao.extend.OrdersMapper.countPmsOrders - <==      Total: 1
[scau-mall-web] 22:34:18.447 [http-nio-8082-exec-8] DEBUG org.scau.mall.config.datasource.DynamicDataSource - Use Default datasource : db_master
[scau-mall-web] 22:34:18.448 [http-nio-8082-exec-8] DEBUG org.scau.mall.dao.extend.OrdersMapper.getPmsOrdersList - ==>  Preparing: select pc.id,pc.`name`, pclr.order_no, pclr.client_id, pc.id_number,pc.telephone,pc.address,pclr.type, pclr.apply_amount,pclr.`status`, pclr.created_at,pclr.actual_amount, pclr.audit_time,pclr.approve_time from pms_client pc left join pms_orders pclr on pc.id=pclr.client_id ORDER BY pc.created_at DESC LIMIT ? OFFSET ? 
[scau-mall-web] 22:34:18.448 [http-nio-8082-exec-8] DEBUG org.scau.mall.dao.extend.OrdersMapper.getPmsOrdersList - ==> Parameters: 20(Integer), 0(Integer)
[scau-mall-web] 22:34:18.456 [http-nio-8082-exec-8] DEBUG org.scau.mall.dao.extend.OrdersMapper.getPmsOrdersList - <==      Total: 1
[scau-mall-web] 22:34:20.599 [http-nio-8082-exec-5] DEBUG org.scau.mall.config.datasource.DynamicDataSource - Use Default datasource : db_master
[scau-mall-web] 22:34:20.599 [http-nio-8082-exec-5] DEBUG org.scau.mall.dao.PmsUserMapper.selectByExample - ==>  Preparing: select 'true' as QUERYID, id, username, password, email, mobile, status, created_at, updated_at from pms_user WHERE ( username = ? and status = ? ) 
[scau-mall-web] 22:34:20.601 [http-nio-8082-exec-5] DEBUG org.scau.mall.dao.PmsUserMapper.selectByExample - ==> Parameters: admin(String), 1(Integer)
[scau-mall-web] 22:34:20.605 [http-nio-8082-exec-5] DEBUG org.scau.mall.dao.PmsUserMapper.selectByExample - <==      Total: 1
[scau-mall-web] 22:34:20.616 [http-nio-8082-exec-5] DEBUG org.scau.mall.config.datasource.DynamicDataSource - Use Default datasource : db_master
[scau-mall-web] 22:34:20.617 [http-nio-8082-exec-5] DEBUG org.scau.mall.dao.extend.OrdersMapper.countPmsOrders - ==>  Preparing: select count(1) from pms_client pc left join pms_orders pclr on pc.id=pclr.client_id 
[scau-mall-web] 22:34:20.617 [http-nio-8082-exec-5] DEBUG org.scau.mall.dao.extend.OrdersMapper.countPmsOrders - ==> Parameters: 
[scau-mall-web] 22:34:20.619 [http-nio-8082-exec-5] DEBUG org.scau.mall.dao.extend.OrdersMapper.countPmsOrders - <==      Total: 1
[scau-mall-web] 22:34:20.623 [http-nio-8082-exec-5] DEBUG org.scau.mall.config.datasource.DynamicDataSource - Use Default datasource : db_master
[scau-mall-web] 22:34:20.623 [http-nio-8082-exec-5] DEBUG org.scau.mall.dao.extend.OrdersMapper.getPmsOrdersList - ==>  Preparing: select pc.id,pc.`name`, pclr.order_no, pclr.client_id, pc.id_number,pc.telephone,pc.address,pclr.type, pclr.apply_amount,pclr.`status`, pclr.created_at,pclr.actual_amount, pclr.audit_time,pclr.approve_time from pms_client pc left join pms_orders pclr on pc.id=pclr.client_id ORDER BY pc.created_at DESC LIMIT ? OFFSET ? 
[scau-mall-web] 22:34:20.624 [http-nio-8082-exec-5] DEBUG org.scau.mall.dao.extend.OrdersMapper.getPmsOrdersList - ==> Parameters: 5(Integer), 0(Integer)
[scau-mall-web] 22:34:20.630 [http-nio-8082-exec-5] DEBUG org.scau.mall.dao.extend.OrdersMapper.getPmsOrdersList - <==      Total: 1
[scau-mall-web] 22:34:21.303 [http-nio-8082-exec-2] DEBUG org.scau.mall.config.datasource.DynamicDataSource - Use Default datasource : db_master
[scau-mall-web] 22:34:21.303 [http-nio-8082-exec-2] DEBUG org.scau.mall.dao.PmsUserMapper.selectByExample - ==>  Preparing: select 'true' as QUERYID, id, username, password, email, mobile, status, created_at, updated_at from pms_user WHERE ( username = ? and status = ? ) 
[scau-mall-web] 22:34:21.303 [http-nio-8082-exec-2] DEBUG org.scau.mall.dao.PmsUserMapper.selectByExample - ==> Parameters: admin(String), 1(Integer)
[scau-mall-web] 22:34:21.307 [http-nio-8082-exec-2] DEBUG org.scau.mall.dao.PmsUserMapper.selectByExample - <==      Total: 1
[scau-mall-web] 22:34:21.315 [http-nio-8082-exec-2] DEBUG org.scau.mall.config.datasource.DynamicDataSource - Use Default datasource : db_master
[scau-mall-web] 22:34:21.316 [http-nio-8082-exec-2] DEBUG org.scau.mall.dao.extend.OrdersMapper.countPmsOrders - ==>  Preparing: select count(1) from pms_client pc left join pms_orders pclr on pc.id=pclr.client_id 
[scau-mall-web] 22:34:21.316 [http-nio-8082-exec-2] DEBUG org.scau.mall.dao.extend.OrdersMapper.countPmsOrders - ==> Parameters: 
[scau-mall-web] 22:34:21.319 [http-nio-8082-exec-2] DEBUG org.scau.mall.dao.extend.OrdersMapper.countPmsOrders - <==      Total: 1
[scau-mall-web] 22:34:21.320 [http-nio-8082-exec-2] DEBUG org.scau.mall.config.datasource.DynamicDataSource - Use Default datasource : db_master
[scau-mall-web] 22:34:21.321 [http-nio-8082-exec-2] DEBUG org.scau.mall.dao.extend.OrdersMapper.getPmsOrdersList - ==>  Preparing: select pc.id,pc.`name`, pclr.order_no, pclr.client_id, pc.id_number,pc.telephone,pc.address,pclr.type, pclr.apply_amount,pclr.`status`, pclr.created_at,pclr.actual_amount, pclr.audit_time,pclr.approve_time from pms_client pc left join pms_orders pclr on pc.id=pclr.client_id ORDER BY pc.created_at DESC LIMIT ? OFFSET ? 
[scau-mall-web] 22:34:21.323 [http-nio-8082-exec-2] DEBUG org.scau.mall.dao.extend.OrdersMapper.getPmsOrdersList - ==> Parameters: 5(Integer), 0(Integer)
[scau-mall-web] 22:34:21.329 [http-nio-8082-exec-2] DEBUG org.scau.mall.dao.extend.OrdersMapper.getPmsOrdersList - <==      Total: 1
[scau-mall-web] 22:34:31.442 [http-nio-8082-exec-6] DEBUG org.scau.mall.config.datasource.DynamicDataSource - Use Default datasource : db_master
[scau-mall-web] 22:34:31.442 [http-nio-8082-exec-6] DEBUG org.scau.mall.dao.PmsUserMapper.selectByExample - ==>  Preparing: select 'true' as QUERYID, id, username, password, email, mobile, status, created_at, updated_at from pms_user WHERE ( username = ? and status = ? ) 
[scau-mall-web] 22:34:31.447 [http-nio-8082-exec-6] DEBUG org.scau.mall.dao.PmsUserMapper.selectByExample - ==> Parameters: admin(String), 1(Integer)
[scau-mall-web] 22:34:31.473 [http-nio-8082-exec-6] DEBUG org.scau.mall.dao.PmsUserMapper.selectByExample - <==      Total: 1
[scau-mall-web] 22:34:31.571 [http-nio-8082-exec-6] INFO  org.scau.mall.web.utils.FastdfsUtils - 商品配置[attr_info].js
[scau-mall-web] 22:34:36.017 [http-nio-8082-exec-3] DEBUG org.scau.mall.config.datasource.DynamicDataSource - Use Default datasource : db_master
[scau-mall-web] 22:34:36.017 [http-nio-8082-exec-3] DEBUG org.scau.mall.dao.PmsUserMapper.selectByExample - ==>  Preparing: select 'true' as QUERYID, id, username, password, email, mobile, status, created_at, updated_at from pms_user WHERE ( username = ? and status = ? ) 
[scau-mall-web] 22:34:36.018 [http-nio-8082-exec-3] DEBUG org.scau.mall.dao.PmsUserMapper.selectByExample - ==> Parameters: admin(String), 1(Integer)
[scau-mall-web] 22:34:36.022 [http-nio-8082-exec-3] DEBUG org.scau.mall.dao.PmsUserMapper.selectByExample - <==      Total: 1
[scau-mall-web] 22:34:41.500 [http-nio-8082-exec-3] DEBUG org.scau.mall.config.datasource.DynamicDataSource - Use Default datasource : db_master
[scau-mall-web] 22:34:58.106 [http-nio-8082-exec-3] DEBUG org.scau.mall.dao.extend.OrdersMapper.updateByPrimaryKeySelective - ==>  Preparing: update pms_orders SET status = ?, document_url = ?, audit_remark = ?, audit_time = ?, updated_at = ? where order_no = ? 
[scau-mall-web] 22:34:58.112 [http-nio-8082-exec-3] DEBUG org.scau.mall.dao.extend.OrdersMapper.updateByPrimaryKeySelective - ==> Parameters: 2(Integer), http://127.0.0.1:8082/group1/M00/00/00/KsHjAmIzRviADFhWAAABuhaQ4hI4089.js(String), fdf(String), 2022-03-17 22:34:58.088(Timestamp), 2022-03-17 22:34:58.088(Timestamp), 2203133344(String)
[scau-mall-web] 22:34:58.224 [http-nio-8082-exec-3] INFO  org.springframework.beans.factory.xml.XmlBeanDefinitionReader - Loading XML bean definitions from class path resource [org/springframework/jdbc/support/sql-error-codes.xml]
[scau-mall-web] 22:34:58.371 [http-nio-8082-exec-3] INFO  org.springframework.jdbc.support.SQLErrorCodesFactory - SQLErrorCodes loaded: [DB2, Derby, H2, HDB, HSQL, Informix, MS-SQL, MySQL, Oracle, PostgreSQL, Sybase]
[scau-mall-web] 22:34:58.389 [http-nio-8082-exec-3] ERROR org.scau.mall.web.controller.order.OrderController - 审核异常，异常信息=
### Error updating database.  Cause: com.mysql.jdbc.MysqlDataTruncation: Data truncation: Data too long for column 'document_url' at row 1
### The error may involve org.scau.mall.dao.extend.OrdersMapper.updateByPrimaryKeySelective-Inline
### The error occurred while setting parameters
### SQL: update pms_orders      SET status = ?,                       document_url = ?,                       audit_remark = ?,                       audit_time = ?,                                     updated_at = ?      where order_no = ?
### Cause: com.mysql.jdbc.MysqlDataTruncation: Data truncation: Data too long for column 'document_url' at row 1
; SQL []; Data truncation: Data too long for column 'document_url' at row 1; nested exception is com.mysql.jdbc.MysqlDataTruncation: Data truncation: Data too long for column 'document_url' at row 1
[scau-mall-web] 22:35:28.122 [http-nio-8082-exec-5] DEBUG org.scau.mall.config.datasource.DynamicDataSource - Use Default datasource : db_master
[scau-mall-web] 22:35:28.122 [http-nio-8082-exec-5] DEBUG org.scau.mall.dao.PmsUserMapper.selectByExample - ==>  Preparing: select 'true' as QUERYID, id, username, password, email, mobile, status, created_at, updated_at from pms_user WHERE ( username = ? and status = ? ) 
[scau-mall-web] 22:35:28.123 [http-nio-8082-exec-5] DEBUG org.scau.mall.dao.PmsUserMapper.selectByExample - ==> Parameters: admin(String), 1(Integer)
[scau-mall-web] 22:35:28.126 [http-nio-8082-exec-5] DEBUG org.scau.mall.dao.PmsUserMapper.selectByExample - <==      Total: 1
[scau-mall-web] 22:35:32.254 [http-nio-8082-exec-5] DEBUG org.scau.mall.config.datasource.DynamicDataSource - Use Default datasource : db_master
[scau-mall-web] 22:35:37.458 [http-nio-8082-exec-5] DEBUG org.scau.mall.dao.extend.OrdersMapper.updateByPrimaryKeySelective - ==>  Preparing: update pms_orders SET status = ?, document_url = ?, audit_remark = ?, audit_time = ?, updated_at = ? where order_no = ? 
[scau-mall-web] 22:35:37.464 [http-nio-8082-exec-5] DEBUG org.scau.mall.dao.extend.OrdersMapper.updateByPrimaryKeySelective - ==> Parameters: 2(Integer), http://127.0.0.1:8082/group1/M00/00/00/KsHjAmIzRviADFhWAAABuhaQ4hI4089.js(String), fdf(String), 2022-03-17 22:35:37.456(Timestamp), 2022-03-17 22:35:37.456(Timestamp), 2203133344(String)
[scau-mall-web] 22:35:37.470 [http-nio-8082-exec-5] DEBUG org.scau.mall.dao.extend.OrdersMapper.updateByPrimaryKeySelective - <==    Updates: 1
[scau-mall-web] 22:35:37.557 [http-nio-8082-exec-9] DEBUG org.scau.mall.config.datasource.DynamicDataSource - Use Default datasource : db_master
[scau-mall-web] 22:35:37.557 [http-nio-8082-exec-9] DEBUG org.scau.mall.dao.PmsUserMapper.selectByExample - ==>  Preparing: select 'true' as QUERYID, id, username, password, email, mobile, status, created_at, updated_at from pms_user WHERE ( username = ? and status = ? ) 
[scau-mall-web] 22:35:37.558 [http-nio-8082-exec-9] DEBUG org.scau.mall.dao.PmsUserMapper.selectByExample - ==> Parameters: admin(String), 1(Integer)
[scau-mall-web] 22:35:37.560 [http-nio-8082-exec-9] DEBUG org.scau.mall.dao.PmsUserMapper.selectByExample - <==      Total: 1
[scau-mall-web] 22:35:37.570 [http-nio-8082-exec-9] DEBUG org.scau.mall.config.datasource.DynamicDataSource - Use Default datasource : db_master
[scau-mall-web] 22:35:37.571 [http-nio-8082-exec-9] DEBUG org.scau.mall.dao.extend.OrdersMapper.countPmsOrders - ==>  Preparing: select count(1) from pms_client pc left join pms_orders pclr on pc.id=pclr.client_id 
[scau-mall-web] 22:35:37.572 [http-nio-8082-exec-9] DEBUG org.scau.mall.dao.extend.OrdersMapper.countPmsOrders - ==> Parameters: 
[scau-mall-web] 22:35:37.576 [http-nio-8082-exec-9] DEBUG org.scau.mall.dao.extend.OrdersMapper.countPmsOrders - <==      Total: 1
[scau-mall-web] 22:35:37.578 [http-nio-8082-exec-9] DEBUG org.scau.mall.config.datasource.DynamicDataSource - Use Default datasource : db_master
[scau-mall-web] 22:35:37.579 [http-nio-8082-exec-9] DEBUG org.scau.mall.dao.extend.OrdersMapper.getPmsOrdersList - ==>  Preparing: select pc.id,pc.`name`, pclr.order_no, pclr.client_id, pc.id_number,pc.telephone,pc.address,pclr.type, pclr.apply_amount,pclr.`status`, pclr.created_at,pclr.actual_amount, pclr.audit_time,pclr.approve_time from pms_client pc left join pms_orders pclr on pc.id=pclr.client_id ORDER BY pc.created_at DESC LIMIT ? OFFSET ? 
[scau-mall-web] 22:35:37.579 [http-nio-8082-exec-9] DEBUG org.scau.mall.dao.extend.OrdersMapper.getPmsOrdersList - ==> Parameters: 5(Integer), 0(Integer)
[scau-mall-web] 22:35:37.587 [http-nio-8082-exec-9] DEBUG org.scau.mall.dao.extend.OrdersMapper.getPmsOrdersList - <==      Total: 1
[scau-mall-web] 22:39:36.531 [http-nio-8082-exec-4] DEBUG org.scau.mall.config.datasource.DynamicDataSource - Use Default datasource : db_master
[scau-mall-web] 22:39:36.532 [http-nio-8082-exec-4] DEBUG org.scau.mall.dao.PmsUserMapper.selectByExample - ==>  Preparing: select 'true' as QUERYID, id, username, password, email, mobile, status, created_at, updated_at from pms_user WHERE ( username = ? and status = ? ) 
[scau-mall-web] 22:39:36.536 [http-nio-8082-exec-4] DEBUG org.scau.mall.dao.PmsUserMapper.selectByExample - ==> Parameters: admin(String), 1(Integer)
[scau-mall-web] 22:39:36.546 [http-nio-8082-exec-4] DEBUG org.scau.mall.dao.PmsUserMapper.selectByExample - <==      Total: 1
[scau-mall-web] 22:39:36.557 [http-nio-8082-exec-4] DEBUG org.scau.mall.config.datasource.DynamicDataSource - Use Default datasource : db_master
[scau-mall-web] 22:39:36.557 [http-nio-8082-exec-4] DEBUG org.scau.mall.dao.extend.OrdersMapper.countPmsOrders - ==>  Preparing: select count(1) from pms_client pc left join pms_orders pclr on pc.id=pclr.client_id 
[scau-mall-web] 22:39:36.558 [http-nio-8082-exec-4] DEBUG org.scau.mall.dao.extend.OrdersMapper.countPmsOrders - ==> Parameters: 
[scau-mall-web] 22:39:36.561 [http-nio-8082-exec-4] DEBUG org.scau.mall.dao.extend.OrdersMapper.countPmsOrders - <==      Total: 1
[scau-mall-web] 22:39:36.562 [http-nio-8082-exec-4] DEBUG org.scau.mall.config.datasource.DynamicDataSource - Use Default datasource : db_master
[scau-mall-web] 22:39:36.562 [http-nio-8082-exec-4] DEBUG org.scau.mall.dao.extend.OrdersMapper.getPmsOrdersList - ==>  Preparing: select pc.id,pc.`name`, pclr.order_no, pclr.client_id, pc.id_number,pc.telephone,pc.address,pclr.type, pclr.apply_amount,pclr.`status`, pclr.created_at,pclr.actual_amount, pclr.audit_time,pclr.approve_time from pms_client pc left join pms_orders pclr on pc.id=pclr.client_id ORDER BY pc.created_at DESC LIMIT ? OFFSET ? 
[scau-mall-web] 22:39:36.563 [http-nio-8082-exec-4] DEBUG org.scau.mall.dao.extend.OrdersMapper.getPmsOrdersList - ==> Parameters: 5(Integer), 0(Integer)
[scau-mall-web] 22:39:36.567 [http-nio-8082-exec-7] DEBUG org.scau.mall.config.datasource.DynamicDataSource - Use Default datasource : db_master
[scau-mall-web] 22:39:36.568 [http-nio-8082-exec-7] DEBUG org.scau.mall.dao.PmsUserMapper.selectByExample - ==>  Preparing: select 'true' as QUERYID, id, username, password, email, mobile, status, created_at, updated_at from pms_user WHERE ( username = ? and status = ? ) 
[scau-mall-web] 22:39:36.568 [http-nio-8082-exec-4] DEBUG org.scau.mall.dao.extend.OrdersMapper.getPmsOrdersList - <==      Total: 1
[scau-mall-web] 22:39:36.582 [http-nio-8082-exec-7] DEBUG org.scau.mall.dao.PmsUserMapper.selectByExample - ==> Parameters: admin(String), 1(Integer)
[scau-mall-web] 22:39:36.597 [http-nio-8082-exec-7] DEBUG org.scau.mall.dao.PmsUserMapper.selectByExample - <==      Total: 1
[scau-mall-web] 22:39:36.609 [http-nio-8082-exec-7] DEBUG org.scau.mall.config.datasource.DynamicDataSource - Use Default datasource : db_master
[scau-mall-web] 22:39:36.609 [http-nio-8082-exec-7] DEBUG org.scau.mall.dao.PmsMenuMapper.selectByExample - ==>  Preparing: select 'true' as QUERYID, id, auth_name, pid, is_leaf, path, status, created_at, updated_at from pms_menu WHERE ( status = ? ) 
[scau-mall-web] 22:39:36.610 [http-nio-8082-exec-7] DEBUG org.scau.mall.dao.PmsMenuMapper.selectByExample - ==> Parameters: 1(Integer)
[scau-mall-web] 22:39:36.618 [http-nio-8082-exec-7] DEBUG org.scau.mall.dao.PmsMenuMapper.selectByExample - <==      Total: 7
[scau-mall-web] 22:42:11.673 [main] INFO  org.scau.mall.web.MallWebApplication - Starting MallWebApplication on DESKTOP-KEBSTMU with PID 2184 (D:\workspace-xrk\scau-mall\scau-mall\scau-mall-web\target\classes started by John in D:\workspace-xrk\scau-mall\scau-mall\scau-mall-web)
[scau-mall-web] 22:42:11.692 [main] DEBUG org.scau.mall.web.MallWebApplication - Running with Spring Boot v1.5.12.RELEASE, Spring v4.3.16.RELEASE
[scau-mall-web] 22:42:11.692 [main] INFO  org.scau.mall.web.MallWebApplication - No active profile set, falling back to default profiles: default
[scau-mall-web] 22:42:11.869 [main] INFO  org.springframework.boot.context.embedded.AnnotationConfigEmbeddedWebApplicationContext - Refreshing org.springframework.boot.context.embedded.AnnotationConfigEmbeddedWebApplicationContext@635572a7: startup date [Thu Mar 17 22:42:11 CST 2022]; root of context hierarchy
[scau-mall-web] 22:42:12.691 [background-preinit] INFO  org.hibernate.validator.internal.util.Version - HV000001: Hibernate Validator 5.3.6.Final
[scau-mall-web] 22:42:14.951 [main] INFO  org.springframework.data.repository.config.RepositoryConfigurationDelegate - Multiple Spring Data modules found, entering strict repository configuration mode!
[scau-mall-web] 22:42:17.618 [main] INFO  org.springframework.context.support.PostProcessorRegistrationDelegate$BeanPostProcessorChecker - Bean 'druidDataSourceConfig' of type [org.scau.mall.config.datasource.DruidDataSourceConfig$$EnhancerBySpringCGLIB$$ab04c8bd] is not eligible for getting processed by all BeanPostProcessors (for example: not eligible for auto-proxying)
[scau-mall-web] 22:42:17.624 [main] INFO  org.springframework.context.support.PostProcessorRegistrationDelegate$BeanPostProcessorChecker - Bean 'dynamicDataSourceConfig' of type [org.scau.mall.config.datasource.DynamicDataSourceConfig$$EnhancerBySpringCGLIB$$57d52a5a] is not eligible for getting processed by all BeanPostProcessors (for example: not eligible for auto-proxying)
[scau-mall-web] 22:42:19.495 [main] INFO  com.alibaba.druid.pool.DruidDataSource - {dataSource-1} inited
[scau-mall-web] 22:42:19.529 [main] INFO  org.springframework.context.support.PostProcessorRegistrationDelegate$BeanPostProcessorChecker - Bean 'dataSource' of type [org.scau.mall.config.datasource.DynamicDataSource] is not eligible for getting processed by all BeanPostProcessors (for example: not eligible for auto-proxying)
[scau-mall-web] 22:42:19.534 [main] INFO  org.springframework.context.support.PostProcessorRegistrationDelegate$BeanPostProcessorChecker - Bean 'mybatisConfig' of type [org.scau.mall.config.MybatisConfig$$EnhancerBySpringCGLIB$$9a0f7dee] is not eligible for getting processed by all BeanPostProcessors (for example: not eligible for auto-proxying)
[scau-mall-web] 22:42:20.440 [main] INFO  org.springframework.context.support.PostProcessorRegistrationDelegate$BeanPostProcessorChecker - Bean 'sqlSessionFactory' of type [org.apache.ibatis.session.defaults.DefaultSqlSessionFactory] is not eligible for getting processed by all BeanPostProcessors (for example: not eligible for auto-proxying)
[scau-mall-web] 22:42:20.457 [main] INFO  org.springframework.context.support.PostProcessorRegistrationDelegate$BeanPostProcessorChecker - Bean 'pmsUserMapper' of type [org.mybatis.spring.mapper.MapperFactoryBean] is not eligible for getting processed by all BeanPostProcessors (for example: not eligible for auto-proxying)
[scau-mall-web] 22:42:20.470 [main] INFO  org.springframework.context.support.PostProcessorRegistrationDelegate$BeanPostProcessorChecker - Bean 'pmsOrdersMapper' of type [org.mybatis.spring.mapper.MapperFactoryBean] is not eligible for getting processed by all BeanPostProcessors (for example: not eligible for auto-proxying)
[scau-mall-web] 22:42:20.475 [main] INFO  org.springframework.context.support.PostProcessorRegistrationDelegate$BeanPostProcessorChecker - Bean 'pmsMenuMapper' of type [org.mybatis.spring.mapper.MapperFactoryBean] is not eligible for getting processed by all BeanPostProcessors (for example: not eligible for auto-proxying)
[scau-mall-web] 22:42:20.484 [main] INFO  org.springframework.context.support.PostProcessorRegistrationDelegate$BeanPostProcessorChecker - Bean 'pmsClientMapper' of type [org.mybatis.spring.mapper.MapperFactoryBean] is not eligible for getting processed by all BeanPostProcessors (for example: not eligible for auto-proxying)
[scau-mall-web] 22:42:20.491 [main] INFO  org.springframework.context.support.PostProcessorRegistrationDelegate$BeanPostProcessorChecker - Bean 'pmsClientLoanRecordMapper' of type [org.mybatis.spring.mapper.MapperFactoryBean] is not eligible for getting processed by all BeanPostProcessors (for example: not eligible for auto-proxying)
[scau-mall-web] 22:42:20.495 [main] INFO  org.springframework.context.support.PostProcessorRegistrationDelegate$BeanPostProcessorChecker - Bean 'ordersMapper' of type [org.mybatis.spring.mapper.MapperFactoryBean] is not eligible for getting processed by all BeanPostProcessors (for example: not eligible for auto-proxying)
[scau-mall-web] 22:42:20.934 [main] INFO  org.springframework.context.support.PostProcessorRegistrationDelegate$BeanPostProcessorChecker - Bean 'redisConfig' of type [org.scau.mall.config.redis.RedisConfig$$EnhancerBySpringCGLIB$$9f060243] is not eligible for getting processed by all BeanPostProcessors (for example: not eligible for auto-proxying)
[scau-mall-web] 22:42:21.680 [main] INFO  org.springframework.context.support.PostProcessorRegistrationDelegate$BeanPostProcessorChecker - Bean 'org.springframework.cache.annotation.ProxyCachingConfiguration' of type [org.springframework.cache.annotation.ProxyCachingConfiguration$$EnhancerBySpringCGLIB$$ce135524] is not eligible for getting processed by all BeanPostProcessors (for example: not eligible for auto-proxying)
[scau-mall-web] 22:42:21.857 [main] INFO  org.springframework.context.support.PostProcessorRegistrationDelegate$BeanPostProcessorChecker - Bean 'org.springframework.transaction.annotation.ProxyTransactionManagementConfiguration' of type [org.springframework.transaction.annotation.ProxyTransactionManagementConfiguration$$EnhancerBySpringCGLIB$$85011f06] is not eligible for getting processed by all BeanPostProcessors (for example: not eligible for auto-proxying)
[scau-mall-web] 22:42:22.055 [main] INFO  org.springframework.context.support.PostProcessorRegistrationDelegate$BeanPostProcessorChecker - Bean 'org.springframework.security.config.annotation.configuration.ObjectPostProcessorConfiguration' of type [org.springframework.security.config.annotation.configuration.ObjectPostProcessorConfiguration$$EnhancerBySpringCGLIB$$1daee740] is not eligible for getting processed by all BeanPostProcessors (for example: not eligible for auto-proxying)
[scau-mall-web] 22:42:22.206 [main] INFO  org.springframework.context.support.PostProcessorRegistrationDelegate$BeanPostProcessorChecker - Bean 'objectPostProcessor' of type [org.springframework.security.config.annotation.configuration.AutowireBeanFactoryObjectPostProcessor] is not eligible for getting processed by all BeanPostProcessors (for example: not eligible for auto-proxying)
[scau-mall-web] 22:42:22.220 [main] INFO  org.springframework.context.support.PostProcessorRegistrationDelegate$BeanPostProcessorChecker - Bean 'org.springframework.security.access.expression.method.DefaultMethodSecurityExpressionHandler@61db86bf' of type [org.springframework.security.access.expression.method.DefaultMethodSecurityExpressionHandler] is not eligible for getting processed by all BeanPostProcessors (for example: not eligible for auto-proxying)
[scau-mall-web] 22:42:22.259 [main] INFO  org.springframework.context.support.PostProcessorRegistrationDelegate$BeanPostProcessorChecker - Bean 'org.springframework.security.config.annotation.method.configuration.GlobalMethodSecurityConfiguration' of type [org.springframework.security.config.annotation.method.configuration.GlobalMethodSecurityConfiguration$$EnhancerBySpringCGLIB$$428389f2] is not eligible for getting processed by all BeanPostProcessors (for example: not eligible for auto-proxying)
[scau-mall-web] 22:42:22.341 [main] INFO  org.springframework.context.support.PostProcessorRegistrationDelegate$BeanPostProcessorChecker - Bean 'methodSecurityMetadataSource' of type [org.springframework.security.access.method.DelegatingMethodSecurityMetadataSource] is not eligible for getting processed by all BeanPostProcessors (for example: not eligible for auto-proxying)
[scau-mall-web] 22:42:24.701 [main] INFO  org.springframework.boot.context.embedded.tomcat.TomcatEmbeddedServletContainer - Tomcat initialized with port(s): 8082 (http)
[scau-mall-web] 22:42:24.764 [main] INFO  org.apache.coyote.http11.Http11NioProtocol - Initializing ProtocolHandler ["http-nio-8082"]
[scau-mall-web] 22:42:24.850 [main] INFO  org.apache.catalina.core.StandardService - Starting service [Tomcat]
[scau-mall-web] 22:42:24.851 [main] INFO  org.apache.catalina.core.StandardEngine - Starting Servlet Engine: Apache Tomcat/8.5.29
[scau-mall-web] 22:42:25.485 [localhost-startStop-1] INFO  org.apache.catalina.core.ContainerBase.[Tomcat].[localhost].[/] - Initializing Spring embedded WebApplicationContext
[scau-mall-web] 22:42:25.485 [localhost-startStop-1] INFO  org.springframework.web.context.ContextLoader - Root WebApplicationContext: initialization completed in 13616 ms
[scau-mall-web] 22:42:28.783 [localhost-startStop-1] INFO  org.springframework.boot.web.servlet.FilterRegistrationBean - Mapping filter: 'characterEncodingFilter' to: [/*]
[scau-mall-web] 22:42:28.825 [localhost-startStop-1] INFO  org.springframework.boot.web.servlet.FilterRegistrationBean - Mapping filter: 'hiddenHttpMethodFilter' to: [/*]
[scau-mall-web] 22:42:28.826 [localhost-startStop-1] INFO  org.springframework.boot.web.servlet.FilterRegistrationBean - Mapping filter: 'httpPutFormContentFilter' to: [/*]
[scau-mall-web] 22:42:28.826 [localhost-startStop-1] INFO  org.springframework.boot.web.servlet.FilterRegistrationBean - Mapping filter: 'requestContextFilter' to: [/*]
[scau-mall-web] 22:42:28.829 [localhost-startStop-1] INFO  org.springframework.boot.web.servlet.DelegatingFilterProxyRegistrationBean - Mapping filter: 'springSecurityFilterChain' to: [/*]
[scau-mall-web] 22:42:28.829 [localhost-startStop-1] INFO  org.springframework.boot.web.servlet.FilterRegistrationBean - Mapping filter: 'corsFilter' to: [/*]
[scau-mall-web] 22:42:28.829 [localhost-startStop-1] INFO  org.springframework.boot.web.servlet.FilterRegistrationBean - Mapping filter: 'jwtAuthencationTokenFilter' to: [/*]
[scau-mall-web] 22:42:28.829 [localhost-startStop-1] INFO  org.springframework.boot.web.servlet.ServletRegistrationBean - Mapping servlet: 'dispatcherServlet' to [/]
[scau-mall-web] 22:42:28.915 [localhost-startStop-1] DEBUG org.scau.mall.web.security.filter.JwtAuthencationTokenFilter - Initializing filter 'jwtAuthencationTokenFilter'
[scau-mall-web] 22:42:28.915 [localhost-startStop-1] DEBUG org.scau.mall.web.security.filter.JwtAuthencationTokenFilter - Filter 'jwtAuthencationTokenFilter' configured successfully
[scau-mall-web] 22:42:30.536 [main] INFO  org.springframework.security.web.DefaultSecurityFilterChain - Creating filter chain: Ant [pattern='/register'], []
[scau-mall-web] 22:42:30.536 [main] INFO  org.springframework.security.web.DefaultSecurityFilterChain - Creating filter chain: Ant [pattern='/login'], []
[scau-mall-web] 22:42:30.536 [main] INFO  org.springframework.security.web.DefaultSecurityFilterChain - Creating filter chain: Ant [pattern='/login/**'], []
[scau-mall-web] 22:42:30.536 [main] INFO  org.springframework.security.web.DefaultSecurityFilterChain - Creating filter chain: Ant [pattern='/test/**'], []
[scau-mall-web] 22:42:30.536 [main] INFO  org.springframework.security.web.DefaultSecurityFilterChain - Creating filter chain: Ant [pattern='/logout'], []
[scau-mall-web] 22:42:30.536 [main] INFO  org.springframework.security.web.DefaultSecurityFilterChain - Creating filter chain: Ant [pattern='/index_files/**'], []
[scau-mall-web] 22:42:30.536 [main] INFO  org.springframework.security.web.DefaultSecurityFilterChain - Creating filter chain: Ant [pattern='/master_files/**'], []
[scau-mall-web] 22:42:30.536 [main] INFO  org.springframework.security.web.DefaultSecurityFilterChain - Creating filter chain: Ant [pattern='/pageJs/**'], []
[scau-mall-web] 22:42:30.536 [main] INFO  org.springframework.security.web.DefaultSecurityFilterChain - Creating filter chain: Ant [pattern='bg_up.png'], []
[scau-mall-web] 22:42:30.537 [main] INFO  org.springframework.security.web.DefaultSecurityFilterChain - Creating filter chain: Ant [pattern='common.js'], []
[scau-mall-web] 22:42:30.537 [main] INFO  org.springframework.security.web.DefaultSecurityFilterChain - Creating filter chain: Ant [pattern='/templates/**'], []
[scau-mall-web] 22:42:30.537 [main] INFO  org.springframework.security.web.DefaultSecurityFilterChain - Creating filter chain: Ant [pattern='/index.html'], []
[scau-mall-web] 22:42:30.537 [main] INFO  org.springframework.security.web.DefaultSecurityFilterChain - Creating filter chain: Ant [pattern='favicon.ico'], []
[scau-mall-web] 22:42:30.537 [main] INFO  org.springframework.security.web.DefaultSecurityFilterChain - Creating filter chain: Ant [pattern='/doc.html'], []
[scau-mall-web] 22:42:30.537 [main] INFO  org.springframework.security.web.DefaultSecurityFilterChain - Creating filter chain: Ant [pattern='/webjars/**'], []
[scau-mall-web] 22:42:30.537 [main] INFO  org.springframework.security.web.DefaultSecurityFilterChain - Creating filter chain: Ant [pattern='/swagger-resources/**'], []
[scau-mall-web] 22:42:30.537 [main] INFO  org.springframework.security.web.DefaultSecurityFilterChain - Creating filter chain: Ant [pattern='/v2/api-docs/**'], []
[scau-mall-web] 22:42:30.537 [main] INFO  org.springframework.security.web.DefaultSecurityFilterChain - Creating filter chain: Ant [pattern='/captcha'], []
[scau-mall-web] 22:42:30.537 [main] INFO  org.springframework.security.web.DefaultSecurityFilterChain - Creating filter chain: Ant [pattern='/ws/**'], []
[scau-mall-web] 22:42:30.986 [main] INFO  org.springframework.security.web.DefaultSecurityFilterChain - Creating filter chain: org.springframework.security.web.util.matcher.AnyRequestMatcher@1, [org.springframework.security.web.context.request.async.WebAsyncManagerIntegrationFilter@2017f6e6, org.springframework.security.web.context.SecurityContextPersistenceFilter@7d133fb7, org.springframework.security.web.header.HeaderWriterFilter@76563ae7, org.springframework.web.filter.CorsFilter@597d9ac9, org.springframework.security.web.authentication.logout.LogoutFilter@2d206a71, org.scau.mall.web.security.filter.JwtAuthencationTokenFilter@114bdd2c, org.springframework.security.web.savedrequest.RequestCacheAwareFilter@40bd0f8, org.springframework.security.web.servletapi.SecurityContextHolderAwareRequestFilter@5c448ef, org.springframework.security.web.authentication.AnonymousAuthenticationFilter@115c946b, org.springframework.security.web.session.SessionManagementFilter@73e4387, org.springframework.security.web.access.ExceptionTranslationFilter@46a8c2b4, org.springframework.security.web.access.intercept.FilterSecurityInterceptor@76a362a4]
[scau-mall-web] 22:42:33.573 [main] INFO  org.springframework.web.servlet.mvc.method.annotation.RequestMappingHandlerAdapter - Looking for @ControllerAdvice: org.springframework.boot.context.embedded.AnnotationConfigEmbeddedWebApplicationContext@635572a7: startup date [Thu Mar 17 22:42:11 CST 2022]; root of context hierarchy
[scau-mall-web] 22:42:34.031 [main] INFO  org.springframework.web.servlet.mvc.method.annotation.RequestMappingHandlerMapping - Mapped "{[/register],methods=[POST]}" onto public org.scau.mall.vo.resp.CommonRespone<org.scau.mall.service.pojo.PmsUser> org.scau.mall.web.controller.AuthController.registerUser(java.util.Map<java.lang.String, java.lang.String>)
[scau-mall-web] 22:42:34.034 [main] INFO  org.springframework.web.servlet.mvc.method.annotation.RequestMappingHandlerMapping - Mapped "{[/get],methods=[GET]}" onto public java.lang.String org.scau.mall.web.controller.AuthController.aaa()
[scau-mall-web] 22:42:34.035 [main] INFO  org.springframework.web.servlet.mvc.method.annotation.RequestMappingHandlerMapping - Mapped "{[/login],methods=[POST]}" onto public org.scau.mall.vo.resp.CommonRespone<org.scau.mall.web.vo.UsersVo> org.scau.mall.web.controller.AuthController.login(org.scau.mall.web.security.pojo.LoginDto,javax.servlet.http.HttpServletRequest)
[scau-mall-web] 22:42:34.037 [main] INFO  org.springframework.web.servlet.mvc.method.annotation.RequestMappingHandlerMapping - Mapped "{[/clients],methods=[GET]}" onto public org.scau.mall.vo.resp.CommonRespone<org.scau.mall.web.vo.PageShowVo<org.scau.mall.web.vo.ClientsVo>> org.scau.mall.web.controller.client.ClientController.clients(org.scau.mall.web.vo.QueryVo,javax.servlet.http.HttpServletRequest)
[scau-mall-web] 22:42:34.040 [main] INFO  org.springframework.web.servlet.mvc.method.annotation.RequestMappingHandlerMapping - Mapped "{[/api/v1/customer/index],methods=[GET]}" onto public java.lang.String org.scau.mall.web.controller.CustomerController.index(javax.servlet.http.HttpServletRequest,org.scau.mall.vo.ClientLoadRecordVo)
[scau-mall-web] 22:42:34.041 [main] INFO  org.springframework.web.servlet.mvc.method.annotation.RequestMappingHandlerMapping - Mapped "{[/api/v1/customer/add]}" onto public org.scau.mall.vo.resp.ResponeData<java.lang.Object> org.scau.mall.web.controller.CustomerController.add(javax.servlet.http.HttpServletRequest,org.scau.mall.vo.ClientLoadRecordVo)
[scau-mall-web] 22:42:34.042 [main] INFO  org.springframework.web.servlet.mvc.method.annotation.RequestMappingHandlerMapping - Mapped "{[/api/v1/customer/list]}" onto public org.scau.mall.vo.resp.ResponeData<org.scau.mall.vo.PmsClientShowVo> org.scau.mall.web.controller.CustomerController.list(javax.servlet.http.HttpServletRequest,org.scau.mall.vo.PmsClientQueryVo)
[scau-mall-web] 22:42:34.043 [main] INFO  org.springframework.web.servlet.mvc.method.annotation.RequestMappingHandlerMapping - Mapped "{[/api/v1/customer/middle]}" onto public java.lang.String org.scau.mall.web.controller.CustomerController.middle(org.springframework.ui.ModelMap)
[scau-mall-web] 22:42:34.043 [main] INFO  org.springframework.web.servlet.mvc.method.annotation.RequestMappingHandlerMapping - Mapped "{[/api/v1/customer/encodeImg]}" onto public void org.scau.mall.web.controller.CustomerController.encodeImg(javax.servlet.http.HttpServletRequest,javax.servlet.http.HttpServletResponse) throws java.io.IOException
[scau-mall-web] 22:42:34.044 [main] INFO  org.springframework.web.servlet.mvc.method.annotation.RequestMappingHandlerMapping - Mapped "{[/fdfs_upload],methods=[POST]}" onto public org.scau.mall.vo.resp.CommonRespone<java.lang.Object> org.scau.mall.web.controller.file.FileController.fileUpload(org.springframework.web.multipart.MultipartFile)
[scau-mall-web] 22:42:34.046 [main] INFO  org.springframework.web.servlet.mvc.method.annotation.RequestMappingHandlerMapping - Mapped "{[/test/index]}" onto public java.lang.String org.scau.mall.web.controller.IndexController.index(org.springframework.ui.ModelMap)
[scau-mall-web] 22:42:34.047 [main] INFO  org.springframework.web.servlet.mvc.method.annotation.RequestMappingHandlerMapping - Mapped "{[/test/middle]}" onto public java.lang.String org.scau.mall.web.controller.IndexController.middle(org.springframework.ui.ModelMap)
[scau-mall-web] 22:42:34.047 [main] INFO  org.springframework.web.servlet.mvc.method.annotation.RequestMappingHandlerMapping - Mapped "{[/test/encodeImg]}" onto public void org.scau.mall.web.controller.IndexController.encodeImg(javax.servlet.http.HttpServletRequest,javax.servlet.http.HttpServletResponse) throws java.io.IOException
[scau-mall-web] 22:42:34.049 [main] INFO  org.springframework.web.servlet.mvc.method.annotation.RequestMappingHandlerMapping - Mapped "{[/login/index]}" onto public java.lang.String org.scau.mall.web.controller.LoginController.index(org.springframework.ui.ModelMap)
[scau-mall-web] 22:42:34.050 [main] INFO  org.springframework.web.servlet.mvc.method.annotation.RequestMappingHandlerMapping - Mapped "{[/login/submit]}" onto public java.lang.String org.scau.mall.web.controller.LoginController.submit(org.springframework.ui.ModelMap)
[scau-mall-web] 22:42:34.051 [main] INFO  org.springframework.web.servlet.mvc.method.annotation.RequestMappingHandlerMapping - Mapped "{[/menus],methods=[GET]}" onto public org.scau.mall.vo.resp.CommonRespone<java.util.List<org.scau.mall.web.vo.MenusVo>> org.scau.mall.web.controller.MenuController.menus(javax.servlet.http.HttpServletRequest)
[scau-mall-web] 22:42:34.053 [main] INFO  org.springframework.web.servlet.mvc.method.annotation.RequestMappingHandlerMapping - Mapped "{[/orders],methods=[GET]}" onto public org.scau.mall.vo.resp.CommonRespone<org.scau.mall.web.vo.PageShowVo<org.scau.mall.web.vo.OrdersVo>> org.scau.mall.web.controller.order.OrderController.orders(org.scau.mall.web.vo.QueryVo,javax.servlet.http.HttpServletRequest)
[scau-mall-web] 22:42:34.054 [main] INFO  org.springframework.web.servlet.mvc.method.annotation.RequestMappingHandlerMapping - Mapped "{[/verifyPass],methods=[POST]}" onto public org.scau.mall.vo.resp.CommonRespone<java.lang.Object> org.scau.mall.web.controller.order.OrderController.verifyPass(org.scau.mall.web.vo.AuditFormBody,javax.servlet.http.HttpServletRequest)
[scau-mall-web] 22:42:34.065 [main] INFO  org.springframework.web.servlet.mvc.method.annotation.RequestMappingHandlerMapping - Mapped "{[/users/{id}],methods=[GET]}" onto public org.scau.mall.vo.resp.CommonRespone<org.scau.mall.web.vo.UsersVo> org.scau.mall.web.controller.user.UserController.getUserById(java.lang.Integer)
[scau-mall-web] 22:42:34.066 [main] INFO  org.springframework.web.servlet.mvc.method.annotation.RequestMappingHandlerMapping - Mapped "{[/users],methods=[GET]}" onto public org.scau.mall.vo.resp.CommonRespone<org.scau.mall.web.vo.PageShowVo<org.scau.mall.web.vo.UsersVo>> org.scau.mall.web.controller.user.UserController.users(org.scau.mall.web.vo.QueryVo,javax.servlet.http.HttpServletRequest)
[scau-mall-web] 22:42:34.066 [main] INFO  org.springframework.web.servlet.mvc.method.annotation.RequestMappingHandlerMapping - Mapped "{[/users/{id}/state/{mg_state}],methods=[PUT]}" onto public org.scau.mall.vo.resp.CommonRespone<org.scau.mall.web.vo.UsersVo> org.scau.mall.web.controller.user.UserController.changeUserStatus(java.lang.Integer,boolean)
[scau-mall-web] 22:42:34.067 [main] INFO  org.springframework.web.servlet.mvc.method.annotation.RequestMappingHandlerMapping - Mapped "{[/users/{id}],methods=[PUT]}" onto public org.scau.mall.vo.resp.CommonRespone<org.scau.mall.web.vo.UsersVo> org.scau.mall.web.controller.user.UserController.editUser(java.lang.Integer,java.util.Map<java.lang.String, java.lang.String>)
[scau-mall-web] 22:42:34.068 [main] INFO  org.springframework.web.servlet.mvc.method.annotation.RequestMappingHandlerMapping - Mapped "{[/users/{id}],methods=[DELETE]}" onto public org.scau.mall.vo.resp.CommonRespone<org.scau.mall.web.vo.UsersVo> org.scau.mall.web.controller.user.UserController.deleteUser(java.lang.Integer)
[scau-mall-web] 22:42:34.069 [main] INFO  org.springframework.web.servlet.mvc.method.annotation.RequestMappingHandlerMapping - Mapped "{[/users],methods=[POST]}" onto public org.scau.mall.vo.resp.CommonRespone<org.scau.mall.web.vo.UsersVo> org.scau.mall.web.controller.user.UserController.addUsers(org.scau.mall.service.pojo.PmsUser)
[scau-mall-web] 22:42:34.075 [main] INFO  org.springframework.web.servlet.mvc.method.annotation.RequestMappingHandlerMapping - Mapped "{[/error]}" onto public org.springframework.http.ResponseEntity<java.util.Map<java.lang.String, java.lang.Object>> org.springframework.boot.autoconfigure.web.BasicErrorController.error(javax.servlet.http.HttpServletRequest)
[scau-mall-web] 22:42:34.075 [main] INFO  org.springframework.web.servlet.mvc.method.annotation.RequestMappingHandlerMapping - Mapped "{[/error],produces=[text/html]}" onto public org.springframework.web.servlet.ModelAndView org.springframework.boot.autoconfigure.web.BasicErrorController.errorHtml(javax.servlet.http.HttpServletRequest,javax.servlet.http.HttpServletResponse)
[scau-mall-web] 22:42:34.610 [main] INFO  org.springframework.web.servlet.handler.SimpleUrlHandlerMapping - Mapped URL path [/webjars/**] onto handler of type [class org.springframework.web.servlet.resource.ResourceHttpRequestHandler]
[scau-mall-web] 22:42:34.610 [main] INFO  org.springframework.web.servlet.handler.SimpleUrlHandlerMapping - Mapped URL path [/**] onto handler of type [class org.springframework.web.servlet.resource.ResourceHttpRequestHandler]
[scau-mall-web] 22:42:35.048 [main] INFO  org.springframework.web.servlet.handler.SimpleUrlHandlerMapping - Mapped URL path [/**/favicon.ico] onto handler of type [class org.springframework.web.servlet.resource.ResourceHttpRequestHandler]
[scau-mall-web] 22:42:37.499 [main] INFO  org.springframework.web.servlet.view.freemarker.FreeMarkerConfigurer - ClassTemplateLoader for Spring macros added to FreeMarker configuration
[scau-mall-web] 22:42:39.723 [main] INFO  org.springframework.jmx.export.annotation.AnnotationMBeanExporter - Registering beans for JMX exposure on startup
[scau-mall-web] 22:42:39.770 [main] INFO  org.apache.coyote.http11.Http11NioProtocol - Starting ProtocolHandler ["http-nio-8082"]
[scau-mall-web] 22:42:39.825 [main] INFO  org.apache.tomcat.util.net.NioSelectorPool - Using a shared selector for servlet write/read
[scau-mall-web] 22:42:39.884 [main] INFO  org.springframework.boot.context.embedded.tomcat.TomcatEmbeddedServletContainer - Tomcat started on port(s): 8082 (http)
[scau-mall-web] 22:42:39.897 [main] INFO  org.scau.mall.web.MallWebApplication - Started MallWebApplication in 30.626 seconds (JVM running for 34.698)
[scau-mall-web] 22:44:21.243 [http-nio-8082-exec-2] INFO  org.apache.catalina.core.ContainerBase.[Tomcat].[localhost].[/] - Initializing Spring FrameworkServlet 'dispatcherServlet'
[scau-mall-web] 22:44:21.245 [http-nio-8082-exec-2] INFO  org.springframework.web.servlet.DispatcherServlet - FrameworkServlet 'dispatcherServlet': initialization started
[scau-mall-web] 22:44:21.321 [http-nio-8082-exec-2] INFO  org.springframework.web.servlet.DispatcherServlet - FrameworkServlet 'dispatcherServlet': initialization completed in 76 ms
[scau-mall-web] 22:44:23.111 [http-nio-8082-exec-6] DEBUG org.scau.mall.config.datasource.DynamicDataSource - Use Default datasource : db_master
[scau-mall-web] 22:44:23.415 [http-nio-8082-exec-2] DEBUG org.scau.mall.config.datasource.DynamicDataSource - Use Default datasource : db_master
[scau-mall-web] 22:44:23.423 [http-nio-8082-exec-6] DEBUG org.scau.mall.config.datasource.DynamicDataSource - Use Default datasource : db_master
[scau-mall-web] 22:44:23.429 [http-nio-8082-exec-6] DEBUG org.scau.mall.dao.PmsUserMapper.selectByExample - ==>  Preparing: select 'true' as QUERYID, id, username, password, email, mobile, status, created_at, updated_at from pms_user WHERE ( username = ? and status = ? ) 
[scau-mall-web] 22:44:23.429 [http-nio-8082-exec-2] DEBUG org.scau.mall.dao.PmsUserMapper.selectByExample - ==>  Preparing: select 'true' as QUERYID, id, username, password, email, mobile, status, created_at, updated_at from pms_user WHERE ( username = ? and status = ? ) 
[scau-mall-web] 22:44:23.512 [http-nio-8082-exec-2] DEBUG org.scau.mall.dao.PmsUserMapper.selectByExample - ==> Parameters: admin(String), 1(Integer)
[scau-mall-web] 22:44:23.513 [http-nio-8082-exec-6] DEBUG org.scau.mall.dao.PmsUserMapper.selectByExample - ==> Parameters: admin(String), 1(Integer)
[scau-mall-web] 22:44:23.551 [http-nio-8082-exec-6] DEBUG org.scau.mall.dao.PmsUserMapper.selectByExample - <==      Total: 1
[scau-mall-web] 22:44:23.567 [http-nio-8082-exec-2] DEBUG org.scau.mall.dao.PmsUserMapper.selectByExample - <==      Total: 1
[scau-mall-web] 22:44:23.682 [http-nio-8082-exec-6] DEBUG org.scau.mall.config.datasource.DynamicDataSource - Use Default datasource : db_master
[scau-mall-web] 22:44:23.682 [http-nio-8082-exec-6] DEBUG org.scau.mall.dao.PmsMenuMapper.selectByExample - ==>  Preparing: select 'true' as QUERYID, id, auth_name, pid, is_leaf, path, status, created_at, updated_at from pms_menu WHERE ( status = ? ) 
[scau-mall-web] 22:44:23.683 [http-nio-8082-exec-6] DEBUG org.scau.mall.dao.PmsMenuMapper.selectByExample - ==> Parameters: 1(Integer)
[scau-mall-web] 22:44:23.707 [http-nio-8082-exec-6] DEBUG org.scau.mall.dao.PmsMenuMapper.selectByExample - <==      Total: 7
[scau-mall-web] 22:44:23.781 [http-nio-8082-exec-2] DEBUG org.scau.mall.config.datasource.DynamicDataSource - Use Default datasource : db_master
[scau-mall-web] 22:44:23.782 [http-nio-8082-exec-2] DEBUG org.scau.mall.dao.extend.OrdersMapper.countPmsOrders - ==>  Preparing: select count(1) from pms_client pc left join pms_orders pclr on pc.id=pclr.client_id 
[scau-mall-web] 22:44:23.783 [http-nio-8082-exec-2] DEBUG org.scau.mall.dao.extend.OrdersMapper.countPmsOrders - ==> Parameters: 
[scau-mall-web] 22:44:23.788 [http-nio-8082-exec-2] DEBUG org.scau.mall.dao.extend.OrdersMapper.countPmsOrders - <==      Total: 1
[scau-mall-web] 22:44:23.791 [http-nio-8082-exec-2] DEBUG org.scau.mall.config.datasource.DynamicDataSource - Use Default datasource : db_master
[scau-mall-web] 22:44:23.791 [http-nio-8082-exec-2] DEBUG org.scau.mall.dao.extend.OrdersMapper.getPmsOrdersList - ==>  Preparing: select pc.id,pc.`name`, pclr.order_no, pclr.client_id, pc.id_number,pc.telephone,pc.address,pclr.type, pclr.apply_amount,pclr.`status`, pclr.created_at,pclr.actual_amount, pclr.audit_time,pclr.approve_time,pclr.document_url from pms_client pc left join pms_orders pclr on pc.id=pclr.client_id ORDER BY pc.created_at DESC LIMIT ? OFFSET ? 
[scau-mall-web] 22:44:23.796 [http-nio-8082-exec-2] DEBUG org.scau.mall.dao.extend.OrdersMapper.getPmsOrdersList - ==> Parameters: 5(Integer), 0(Integer)
[scau-mall-web] 22:44:23.808 [http-nio-8082-exec-2] DEBUG org.scau.mall.dao.extend.OrdersMapper.getPmsOrdersList - <==      Total: 1
[scau-mall-web] 22:44:55.946 [http-nio-8082-exec-8] DEBUG org.scau.mall.config.datasource.DynamicDataSource - Use Default datasource : db_master
[scau-mall-web] 22:44:55.947 [http-nio-8082-exec-8] DEBUG org.scau.mall.dao.PmsUserMapper.selectByExample - ==>  Preparing: select 'true' as QUERYID, id, username, password, email, mobile, status, created_at, updated_at from pms_user WHERE ( username = ? and status = ? ) 
[scau-mall-web] 22:44:55.947 [http-nio-8082-exec-8] DEBUG org.scau.mall.dao.PmsUserMapper.selectByExample - ==> Parameters: admin(String), 1(Integer)
[scau-mall-web] 22:44:55.951 [http-nio-8082-exec-8] DEBUG org.scau.mall.dao.PmsUserMapper.selectByExample - <==      Total: 1
[scau-mall-web] 22:44:56.029 [http-nio-8082-exec-8] DEBUG org.scau.mall.config.datasource.DynamicDataSource - Use Default datasource : db_master
[scau-mall-web] 22:44:56.030 [http-nio-8082-exec-8] DEBUG org.scau.mall.dao.PmsUserMapper.selectByExample - ==>  Preparing: select 'true' as QUERYID, id, username, password, email, mobile, status, created_at, updated_at from pms_user WHERE ( username = ? and status = ? ) 
[scau-mall-web] 22:44:56.031 [http-nio-8082-exec-8] DEBUG org.scau.mall.dao.PmsUserMapper.selectByExample - ==> Parameters: admin(String), 1(Integer)
[scau-mall-web] 22:44:56.036 [http-nio-8082-exec-8] DEBUG org.scau.mall.dao.PmsUserMapper.selectByExample - <==      Total: 1
[scau-mall-web] 22:44:57.225 [http-nio-8082-exec-6] DEBUG org.scau.mall.config.datasource.DynamicDataSource - Use Default datasource : db_master
[scau-mall-web] 22:44:57.225 [http-nio-8082-exec-6] DEBUG org.scau.mall.dao.PmsUserMapper.selectByExample - ==>  Preparing: select 'true' as QUERYID, id, username, password, email, mobile, status, created_at, updated_at from pms_user WHERE ( username = ? and status = ? ) 
[scau-mall-web] 22:44:57.226 [http-nio-8082-exec-6] DEBUG org.scau.mall.dao.PmsUserMapper.selectByExample - ==> Parameters: admin(String), 1(Integer)
[scau-mall-web] 22:44:57.228 [http-nio-8082-exec-2] DEBUG org.scau.mall.config.datasource.DynamicDataSource - Use Default datasource : db_master
[scau-mall-web] 22:44:57.229 [http-nio-8082-exec-2] DEBUG org.scau.mall.dao.PmsUserMapper.selectByExample - ==>  Preparing: select 'true' as QUERYID, id, username, password, email, mobile, status, created_at, updated_at from pms_user WHERE ( username = ? and status = ? ) 
[scau-mall-web] 22:44:57.230 [http-nio-8082-exec-6] DEBUG org.scau.mall.dao.PmsUserMapper.selectByExample - <==      Total: 1
[scau-mall-web] 22:44:57.231 [http-nio-8082-exec-2] DEBUG org.scau.mall.dao.PmsUserMapper.selectByExample - ==> Parameters: admin(String), 1(Integer)
[scau-mall-web] 22:44:57.231 [http-nio-8082-exec-9] DEBUG org.scau.mall.config.datasource.DynamicDataSource - Use Default datasource : db_master
[scau-mall-web] 22:44:57.231 [http-nio-8082-exec-9] DEBUG org.scau.mall.dao.PmsUserMapper.selectByExample - ==>  Preparing: select 'true' as QUERYID, id, username, password, email, mobile, status, created_at, updated_at from pms_user WHERE ( username = ? and status = ? ) 
[scau-mall-web] 22:44:57.232 [http-nio-8082-exec-9] DEBUG org.scau.mall.dao.PmsUserMapper.selectByExample - ==> Parameters: admin(String), 1(Integer)
[scau-mall-web] 22:44:57.235 [http-nio-8082-exec-2] DEBUG org.scau.mall.dao.PmsUserMapper.selectByExample - <==      Total: 1
[scau-mall-web] 22:44:57.235 [http-nio-8082-exec-9] DEBUG org.scau.mall.dao.PmsUserMapper.selectByExample - <==      Total: 1
[scau-mall-web] 22:44:57.238 [http-nio-8082-exec-3] DEBUG org.scau.mall.config.datasource.DynamicDataSource - Use Default datasource : db_master
[scau-mall-web] 22:44:57.239 [http-nio-8082-exec-3] DEBUG org.scau.mall.dao.PmsUserMapper.selectByExample - ==>  Preparing: select 'true' as QUERYID, id, username, password, email, mobile, status, created_at, updated_at from pms_user WHERE ( username = ? and status = ? ) 
[scau-mall-web] 22:44:57.239 [http-nio-8082-exec-6] DEBUG org.scau.mall.config.datasource.DynamicDataSource - Use Default datasource : db_master
[scau-mall-web] 22:44:57.239 [http-nio-8082-exec-6] DEBUG org.scau.mall.dao.extend.OrdersMapper.countPmsOrders - ==>  Preparing: select count(1) from pms_client pc left join pms_orders pclr on pc.id=pclr.client_id 
[scau-mall-web] 22:44:57.240 [http-nio-8082-exec-3] DEBUG org.scau.mall.dao.PmsUserMapper.selectByExample - ==> Parameters: admin(String), 1(Integer)
[scau-mall-web] 22:44:57.240 [http-nio-8082-exec-6] DEBUG org.scau.mall.dao.extend.OrdersMapper.countPmsOrders - ==> Parameters: 
[scau-mall-web] 22:44:57.242 [http-nio-8082-exec-6] DEBUG org.scau.mall.dao.extend.OrdersMapper.countPmsOrders - <==      Total: 1
[scau-mall-web] 22:44:57.244 [http-nio-8082-exec-6] DEBUG org.scau.mall.config.datasource.DynamicDataSource - Use Default datasource : db_master
[scau-mall-web] 22:44:57.244 [http-nio-8082-exec-3] DEBUG org.scau.mall.dao.PmsUserMapper.selectByExample - <==      Total: 1
[scau-mall-web] 22:44:57.244 [http-nio-8082-exec-6] DEBUG org.scau.mall.dao.extend.OrdersMapper.getPmsOrdersList - ==>  Preparing: select pc.id,pc.`name`, pclr.order_no, pclr.client_id, pc.id_number,pc.telephone,pc.address,pclr.type, pclr.apply_amount,pclr.`status`, pclr.created_at,pclr.actual_amount, pclr.audit_time,pclr.approve_time,pclr.document_url from pms_client pc left join pms_orders pclr on pc.id=pclr.client_id ORDER BY pc.created_at DESC LIMIT ? OFFSET ? 
[scau-mall-web] 22:44:57.245 [http-nio-8082-exec-6] DEBUG org.scau.mall.dao.extend.OrdersMapper.getPmsOrdersList - ==> Parameters: 20(Integer), 0(Integer)
[scau-mall-web] 22:44:57.246 [http-nio-8082-exec-9] DEBUG org.scau.mall.config.datasource.DynamicDataSource - Use Default datasource : db_master
[scau-mall-web] 22:44:57.247 [http-nio-8082-exec-9] DEBUG org.scau.mall.dao.PmsMenuMapper.selectByExample - ==>  Preparing: select 'true' as QUERYID, id, auth_name, pid, is_leaf, path, status, created_at, updated_at from pms_menu WHERE ( status = ? ) 
[scau-mall-web] 22:44:57.247 [http-nio-8082-exec-9] DEBUG org.scau.mall.dao.PmsMenuMapper.selectByExample - ==> Parameters: 1(Integer)
[scau-mall-web] 22:44:57.247 [http-nio-8082-exec-2] DEBUG org.scau.mall.config.datasource.DynamicDataSource - Use Default datasource : db_master
[scau-mall-web] 22:44:57.248 [http-nio-8082-exec-2] DEBUG org.scau.mall.dao.PmsUserMapper.countByExample - ==>  Preparing: select count(*) from pms_user 
[scau-mall-web] 22:44:57.251 [http-nio-8082-exec-2] DEBUG org.scau.mall.dao.PmsUserMapper.countByExample - ==> Parameters: 
[scau-mall-web] 22:44:57.252 [http-nio-8082-exec-6] DEBUG org.scau.mall.dao.extend.OrdersMapper.getPmsOrdersList - <==      Total: 1
[scau-mall-web] 22:44:57.254 [http-nio-8082-exec-2] DEBUG org.scau.mall.dao.PmsUserMapper.countByExample - <==      Total: 1
[scau-mall-web] 22:44:57.255 [http-nio-8082-exec-9] DEBUG org.scau.mall.dao.PmsMenuMapper.selectByExample - <==      Total: 7
[scau-mall-web] 22:44:57.256 [http-nio-8082-exec-2] DEBUG org.scau.mall.config.datasource.DynamicDataSource - Use Default datasource : db_master
[scau-mall-web] 22:44:57.256 [http-nio-8082-exec-2] DEBUG org.scau.mall.dao.PmsUserMapper.selectByExample - ==>  Preparing: select 'true' as QUERYID, id, username, password, email, mobile, status, created_at, updated_at from pms_user order by created_at desc limit 0,1 
[scau-mall-web] 22:44:57.257 [http-nio-8082-exec-2] DEBUG org.scau.mall.dao.PmsUserMapper.selectByExample - ==> Parameters: 
[scau-mall-web] 22:44:57.265 [http-nio-8082-exec-2] DEBUG org.scau.mall.dao.PmsUserMapper.selectByExample - <==      Total: 1
[scau-mall-web] 22:44:59.060 [http-nio-8082-exec-8] DEBUG org.scau.mall.config.datasource.DynamicDataSource - Use Default datasource : db_master
[scau-mall-web] 22:44:59.061 [http-nio-8082-exec-8] DEBUG org.scau.mall.dao.PmsUserMapper.selectByExample - ==>  Preparing: select 'true' as QUERYID, id, username, password, email, mobile, status, created_at, updated_at from pms_user WHERE ( username = ? and status = ? ) 
[scau-mall-web] 22:44:59.063 [http-nio-8082-exec-8] DEBUG org.scau.mall.dao.PmsUserMapper.selectByExample - ==> Parameters: admin(String), 1(Integer)
[scau-mall-web] 22:44:59.066 [http-nio-8082-exec-8] DEBUG org.scau.mall.dao.PmsUserMapper.selectByExample - <==      Total: 1
[scau-mall-web] 22:44:59.075 [http-nio-8082-exec-8] DEBUG org.scau.mall.config.datasource.DynamicDataSource - Use Default datasource : db_master
[scau-mall-web] 22:44:59.075 [http-nio-8082-exec-8] DEBUG org.scau.mall.dao.extend.OrdersMapper.countPmsOrders - ==>  Preparing: select count(1) from pms_client pc left join pms_orders pclr on pc.id=pclr.client_id 
[scau-mall-web] 22:44:59.075 [http-nio-8082-exec-8] DEBUG org.scau.mall.dao.extend.OrdersMapper.countPmsOrders - ==> Parameters: 
[scau-mall-web] 22:44:59.078 [http-nio-8082-exec-8] DEBUG org.scau.mall.dao.extend.OrdersMapper.countPmsOrders - <==      Total: 1
[scau-mall-web] 22:44:59.079 [http-nio-8082-exec-8] DEBUG org.scau.mall.config.datasource.DynamicDataSource - Use Default datasource : db_master
[scau-mall-web] 22:44:59.079 [http-nio-8082-exec-8] DEBUG org.scau.mall.dao.extend.OrdersMapper.getPmsOrdersList - ==>  Preparing: select pc.id,pc.`name`, pclr.order_no, pclr.client_id, pc.id_number,pc.telephone,pc.address,pclr.type, pclr.apply_amount,pclr.`status`, pclr.created_at,pclr.actual_amount, pclr.audit_time,pclr.approve_time,pclr.document_url from pms_client pc left join pms_orders pclr on pc.id=pclr.client_id ORDER BY pc.created_at DESC LIMIT ? OFFSET ? 
[scau-mall-web] 22:44:59.081 [http-nio-8082-exec-8] DEBUG org.scau.mall.dao.extend.OrdersMapper.getPmsOrdersList - ==> Parameters: 5(Integer), 0(Integer)
[scau-mall-web] 22:44:59.088 [http-nio-8082-exec-8] DEBUG org.scau.mall.dao.extend.OrdersMapper.getPmsOrdersList - <==      Total: 1
[scau-mall-web] 22:45:37.784 [http-nio-8082-exec-2] DEBUG org.scau.mall.config.datasource.DynamicDataSource - Use Default datasource : db_master
[scau-mall-web] 22:45:37.784 [http-nio-8082-exec-3] DEBUG org.scau.mall.config.datasource.DynamicDataSource - Use Default datasource : db_master
[scau-mall-web] 22:45:37.785 [http-nio-8082-exec-2] DEBUG org.scau.mall.dao.PmsUserMapper.selectByExample - ==>  Preparing: select 'true' as QUERYID, id, username, password, email, mobile, status, created_at, updated_at from pms_user WHERE ( username = ? and status = ? ) 
[scau-mall-web] 22:45:37.785 [http-nio-8082-exec-3] DEBUG org.scau.mall.dao.PmsUserMapper.selectByExample - ==>  Preparing: select 'true' as QUERYID, id, username, password, email, mobile, status, created_at, updated_at from pms_user WHERE ( username = ? and status = ? ) 
[scau-mall-web] 22:45:37.785 [http-nio-8082-exec-2] DEBUG org.scau.mall.dao.PmsUserMapper.selectByExample - ==> Parameters: admin(String), 1(Integer)
[scau-mall-web] 22:45:37.785 [http-nio-8082-exec-3] DEBUG org.scau.mall.dao.PmsUserMapper.selectByExample - ==> Parameters: admin(String), 1(Integer)
[scau-mall-web] 22:45:37.789 [http-nio-8082-exec-2] DEBUG org.scau.mall.dao.PmsUserMapper.selectByExample - <==      Total: 1
[scau-mall-web] 22:45:37.789 [http-nio-8082-exec-3] DEBUG org.scau.mall.dao.PmsUserMapper.selectByExample - <==      Total: 1
[scau-mall-web] 22:45:37.797 [http-nio-8082-exec-3] DEBUG org.scau.mall.config.datasource.DynamicDataSource - Use Default datasource : db_master
[scau-mall-web] 22:45:37.797 [http-nio-8082-exec-2] DEBUG org.scau.mall.config.datasource.DynamicDataSource - Use Default datasource : db_master
[scau-mall-web] 22:45:37.798 [http-nio-8082-exec-2] DEBUG org.scau.mall.dao.extend.OrdersMapper.countPmsOrders - ==>  Preparing: select count(1) from pms_client pc left join pms_orders pclr on pc.id=pclr.client_id 
[scau-mall-web] 22:45:37.798 [http-nio-8082-exec-2] DEBUG org.scau.mall.dao.extend.OrdersMapper.countPmsOrders - ==> Parameters: 
[scau-mall-web] 22:45:37.799 [http-nio-8082-exec-3] DEBUG org.scau.mall.dao.PmsMenuMapper.selectByExample - ==>  Preparing: select 'true' as QUERYID, id, auth_name, pid, is_leaf, path, status, created_at, updated_at from pms_menu WHERE ( status = ? ) 
[scau-mall-web] 22:45:37.800 [http-nio-8082-exec-3] DEBUG org.scau.mall.dao.PmsMenuMapper.selectByExample - ==> Parameters: 1(Integer)
[scau-mall-web] 22:45:37.801 [http-nio-8082-exec-2] DEBUG org.scau.mall.dao.extend.OrdersMapper.countPmsOrders - <==      Total: 1
[scau-mall-web] 22:45:37.802 [http-nio-8082-exec-2] DEBUG org.scau.mall.config.datasource.DynamicDataSource - Use Default datasource : db_master
[scau-mall-web] 22:45:37.802 [http-nio-8082-exec-2] DEBUG org.scau.mall.dao.extend.OrdersMapper.getPmsOrdersList - ==>  Preparing: select pc.id,pc.`name`, pclr.order_no, pclr.client_id, pc.id_number,pc.telephone,pc.address,pclr.type, pclr.apply_amount,pclr.`status`, pclr.created_at,pclr.actual_amount, pclr.audit_time,pclr.approve_time,pclr.document_url from pms_client pc left join pms_orders pclr on pc.id=pclr.client_id ORDER BY pc.created_at DESC LIMIT ? OFFSET ? 
[scau-mall-web] 22:45:37.803 [http-nio-8082-exec-2] DEBUG org.scau.mall.dao.extend.OrdersMapper.getPmsOrdersList - ==> Parameters: 5(Integer), 0(Integer)
[scau-mall-web] 22:45:37.807 [http-nio-8082-exec-2] DEBUG org.scau.mall.dao.extend.OrdersMapper.getPmsOrdersList - <==      Total: 1
[scau-mall-web] 22:45:37.809 [http-nio-8082-exec-3] DEBUG org.scau.mall.dao.PmsMenuMapper.selectByExample - <==      Total: 7
