[scau-mall-web] 20:21:54.506 [main] INFO  org.scau.mall.web.MallWebApplication - Starting MallWebApplication on DESKTOP-KEBSTMU with PID 10588 (D:\workspace-xrk\scau-mall\scau-mall\scau-mall-web\target\classes started by John in D:\workspace-xrk\scau-mall\scau-mall\scau-mall-web)
[scau-mall-web] 20:21:54.523 [main] DEBUG org.scau.mall.web.MallWebApplication - Running with Spring Boot v1.5.12.RELEASE, Spring v4.3.16.RELEASE
[scau-mall-web] 20:21:54.523 [main] INFO  org.scau.mall.web.MallWebApplication - No active profile set, falling back to default profiles: default
[scau-mall-web] 20:21:54.630 [main] INFO  org.springframework.boot.context.embedded.AnnotationConfigEmbeddedWebApplicationContext - Refreshing org.springframework.boot.context.embedded.AnnotationConfigEmbeddedWebApplicationContext@635572a7: startup date [Sun Jul 31 20:21:54 CST 2022]; root of context hierarchy
[scau-mall-web] 20:21:55.112 [background-preinit] INFO  org.hibernate.validator.internal.util.Version - HV000001: Hibernate Validator 5.3.6.Final
[scau-mall-web] 20:21:56.412 [main] INFO  org.springframework.data.repository.config.RepositoryConfigurationDelegate - Multiple Spring Data modules found, entering strict repository configuration mode!
[scau-mall-web] 20:21:57.286 [main] INFO  org.springframework.context.support.PostProcessorRegistrationDelegate$BeanPostProcessorChecker - Bean 'druidDataSourceConfig' of type [org.scau.mall.config.datasource.DruidDataSourceConfig$$EnhancerBySpringCGLIB$$9480f649] is not eligible for getting processed by all BeanPostProcessors (for example: not eligible for auto-proxying)
[scau-mall-web] 20:21:57.290 [main] INFO  org.springframework.context.support.PostProcessorRegistrationDelegate$BeanPostProcessorChecker - Bean 'dynamicDataSourceConfig' of type [org.scau.mall.config.datasource.DynamicDataSourceConfig$$EnhancerBySpringCGLIB$$415157e6] is not eligible for getting processed by all BeanPostProcessors (for example: not eligible for auto-proxying)
[scau-mall-web] 20:21:58.036 [main] INFO  com.alibaba.druid.pool.DruidDataSource - {dataSource-1} inited
[scau-mall-web] 20:21:58.078 [main] INFO  org.springframework.context.support.PostProcessorRegistrationDelegate$BeanPostProcessorChecker - Bean 'dataSource' of type [org.scau.mall.config.datasource.DynamicDataSource] is not eligible for getting processed by all BeanPostProcessors (for example: not eligible for auto-proxying)
[scau-mall-web] 20:21:58.081 [main] INFO  org.springframework.context.support.PostProcessorRegistrationDelegate$BeanPostProcessorChecker - Bean 'mybatisConfig' of type [org.scau.mall.config.MybatisConfig$$EnhancerBySpringCGLIB$$838bab7a] is not eligible for getting processed by all BeanPostProcessors (for example: not eligible for auto-proxying)
[scau-mall-web] 20:21:58.652 [main] INFO  org.springframework.context.support.PostProcessorRegistrationDelegate$BeanPostProcessorChecker - Bean 'sqlSessionFactory' of type [org.apache.ibatis.session.defaults.DefaultSqlSessionFactory] is not eligible for getting processed by all BeanPostProcessors (for example: not eligible for auto-proxying)
[scau-mall-web] 20:21:58.662 [main] INFO  org.springframework.context.support.PostProcessorRegistrationDelegate$BeanPostProcessorChecker - Bean 'pmsUserMapper' of type [org.mybatis.spring.mapper.MapperFactoryBean] is not eligible for getting processed by all BeanPostProcessors (for example: not eligible for auto-proxying)
[scau-mall-web] 20:21:58.666 [main] INFO  org.springframework.context.support.PostProcessorRegistrationDelegate$BeanPostProcessorChecker - Bean 'pmsOrdersMapper' of type [org.mybatis.spring.mapper.MapperFactoryBean] is not eligible for getting processed by all BeanPostProcessors (for example: not eligible for auto-proxying)
[scau-mall-web] 20:21:58.669 [main] INFO  org.springframework.context.support.PostProcessorRegistrationDelegate$BeanPostProcessorChecker - Bean 'pmsMenuMapper' of type [org.mybatis.spring.mapper.MapperFactoryBean] is not eligible for getting processed by all BeanPostProcessors (for example: not eligible for auto-proxying)
[scau-mall-web] 20:21:58.671 [main] INFO  org.springframework.context.support.PostProcessorRegistrationDelegate$BeanPostProcessorChecker - Bean 'pmsClientMapper' of type [org.mybatis.spring.mapper.MapperFactoryBean] is not eligible for getting processed by all BeanPostProcessors (for example: not eligible for auto-proxying)
[scau-mall-web] 20:21:58.676 [main] INFO  org.springframework.context.support.PostProcessorRegistrationDelegate$BeanPostProcessorChecker - Bean 'pmsClientLoanRecordMapper' of type [org.mybatis.spring.mapper.MapperFactoryBean] is not eligible for getting processed by all BeanPostProcessors (for example: not eligible for auto-proxying)
[scau-mall-web] 20:21:58.678 [main] INFO  org.springframework.context.support.PostProcessorRegistrationDelegate$BeanPostProcessorChecker - Bean 'ordersMapper' of type [org.mybatis.spring.mapper.MapperFactoryBean] is not eligible for getting processed by all BeanPostProcessors (for example: not eligible for auto-proxying)
[scau-mall-web] 20:21:58.889 [main] INFO  org.springframework.context.support.PostProcessorRegistrationDelegate$BeanPostProcessorChecker - Bean 'redisConfig' of type [org.scau.mall.config.redis.RedisConfig$$EnhancerBySpringCGLIB$$88822fcf] is not eligible for getting processed by all BeanPostProcessors (for example: not eligible for auto-proxying)
[scau-mall-web] 20:21:59.978 [main] INFO  org.springframework.context.support.PostProcessorRegistrationDelegate$BeanPostProcessorChecker - Bean 'org.springframework.cache.annotation.ProxyCachingConfiguration' of type [org.springframework.cache.annotation.ProxyCachingConfiguration$$EnhancerBySpringCGLIB$$b78f82b0] is not eligible for getting processed by all BeanPostProcessors (for example: not eligible for auto-proxying)
[scau-mall-web] 20:22:00.281 [main] INFO  org.springframework.context.support.PostProcessorRegistrationDelegate$BeanPostProcessorChecker - Bean 'org.springframework.transaction.annotation.ProxyTransactionManagementConfiguration' of type [org.springframework.transaction.annotation.ProxyTransactionManagementConfiguration$$EnhancerBySpringCGLIB$$6e7d4c92] is not eligible for getting processed by all BeanPostProcessors (for example: not eligible for auto-proxying)
[scau-mall-web] 20:22:00.518 [main] INFO  org.springframework.context.support.PostProcessorRegistrationDelegate$BeanPostProcessorChecker - Bean 'org.springframework.security.config.annotation.configuration.ObjectPostProcessorConfiguration' of type [org.springframework.security.config.annotation.configuration.ObjectPostProcessorConfiguration$$EnhancerBySpringCGLIB$$72b14cc] is not eligible for getting processed by all BeanPostProcessors (for example: not eligible for auto-proxying)
[scau-mall-web] 20:22:00.544 [main] INFO  org.springframework.context.support.PostProcessorRegistrationDelegate$BeanPostProcessorChecker - Bean 'objectPostProcessor' of type [org.springframework.security.config.annotation.configuration.AutowireBeanFactoryObjectPostProcessor] is not eligible for getting processed by all BeanPostProcessors (for example: not eligible for auto-proxying)
[scau-mall-web] 20:22:00.551 [main] INFO  org.springframework.context.support.PostProcessorRegistrationDelegate$BeanPostProcessorChecker - Bean 'org.springframework.security.access.expression.method.DefaultMethodSecurityExpressionHandler@2c748a15' of type [org.springframework.security.access.expression.method.DefaultMethodSecurityExpressionHandler] is not eligible for getting processed by all BeanPostProcessors (for example: not eligible for auto-proxying)
[scau-mall-web] 20:22:00.620 [main] INFO  org.springframework.context.support.PostProcessorRegistrationDelegate$BeanPostProcessorChecker - Bean 'org.springframework.security.config.annotation.method.configuration.GlobalMethodSecurityConfiguration' of type [org.springframework.security.config.annotation.method.configuration.GlobalMethodSecurityConfiguration$$EnhancerBySpringCGLIB$$2bffb77e] is not eligible for getting processed by all BeanPostProcessors (for example: not eligible for auto-proxying)
[scau-mall-web] 20:22:00.683 [main] INFO  org.springframework.context.support.PostProcessorRegistrationDelegate$BeanPostProcessorChecker - Bean 'methodSecurityMetadataSource' of type [org.springframework.security.access.method.DelegatingMethodSecurityMetadataSource] is not eligible for getting processed by all BeanPostProcessors (for example: not eligible for auto-proxying)
[scau-mall-web] 20:22:02.745 [main] INFO  org.springframework.boot.context.embedded.tomcat.TomcatEmbeddedServletContainer - Tomcat initialized with port(s): 8082 (http)
[scau-mall-web] 20:22:02.790 [main] INFO  org.apache.coyote.http11.Http11NioProtocol - Initializing ProtocolHandler ["http-nio-8082"]
[scau-mall-web] 20:22:02.826 [main] INFO  org.apache.catalina.core.StandardService - Starting service [Tomcat]
[scau-mall-web] 20:22:02.827 [main] INFO  org.apache.catalina.core.StandardEngine - Starting Servlet Engine: Apache Tomcat/8.5.29
[scau-mall-web] 20:22:03.200 [localhost-startStop-1] INFO  org.apache.catalina.core.ContainerBase.[Tomcat].[localhost].[/] - Initializing Spring embedded WebApplicationContext
[scau-mall-web] 20:22:03.200 [localhost-startStop-1] INFO  org.springframework.web.context.ContextLoader - Root WebApplicationContext: initialization completed in 8570 ms
[scau-mall-web] 20:22:05.031 [localhost-startStop-1] INFO  org.springframework.boot.web.servlet.FilterRegistrationBean - Mapping filter: 'characterEncodingFilter' to: [/*]
[scau-mall-web] 20:22:05.035 [localhost-startStop-1] INFO  org.springframework.boot.web.servlet.FilterRegistrationBean - Mapping filter: 'hiddenHttpMethodFilter' to: [/*]
[scau-mall-web] 20:22:05.035 [localhost-startStop-1] INFO  org.springframework.boot.web.servlet.FilterRegistrationBean - Mapping filter: 'httpPutFormContentFilter' to: [/*]
[scau-mall-web] 20:22:05.035 [localhost-startStop-1] INFO  org.springframework.boot.web.servlet.FilterRegistrationBean - Mapping filter: 'requestContextFilter' to: [/*]
[scau-mall-web] 20:22:05.037 [localhost-startStop-1] INFO  org.springframework.boot.web.servlet.DelegatingFilterProxyRegistrationBean - Mapping filter: 'springSecurityFilterChain' to: [/*]
[scau-mall-web] 20:22:05.038 [localhost-startStop-1] INFO  org.springframework.boot.web.servlet.FilterRegistrationBean - Mapping filter: 'corsFilter' to: [/*]
[scau-mall-web] 20:22:05.038 [localhost-startStop-1] INFO  org.springframework.boot.web.servlet.FilterRegistrationBean - Mapping filter: 'jwtAuthencationTokenFilter' to: [/*]
[scau-mall-web] 20:22:05.038 [localhost-startStop-1] INFO  org.springframework.boot.web.servlet.ServletRegistrationBean - Mapping servlet: 'dispatcherServlet' to [/]
[scau-mall-web] 20:22:05.129 [localhost-startStop-1] DEBUG org.scau.mall.web.security.filter.JwtAuthencationTokenFilter - Initializing filter 'jwtAuthencationTokenFilter'
[scau-mall-web] 20:22:05.129 [localhost-startStop-1] DEBUG org.scau.mall.web.security.filter.JwtAuthencationTokenFilter - Filter 'jwtAuthencationTokenFilter' configured successfully
[scau-mall-web] 20:22:06.556 [main] INFO  org.springframework.security.web.DefaultSecurityFilterChain - Creating filter chain: Ant [pattern='/register'], []
[scau-mall-web] 20:22:06.556 [main] INFO  org.springframework.security.web.DefaultSecurityFilterChain - Creating filter chain: Ant [pattern='/login'], []
[scau-mall-web] 20:22:06.556 [main] INFO  org.springframework.security.web.DefaultSecurityFilterChain - Creating filter chain: Ant [pattern='/login/**'], []
[scau-mall-web] 20:22:06.556 [main] INFO  org.springframework.security.web.DefaultSecurityFilterChain - Creating filter chain: Ant [pattern='/test/**'], []
[scau-mall-web] 20:22:06.556 [main] INFO  org.springframework.security.web.DefaultSecurityFilterChain - Creating filter chain: Ant [pattern='/logout'], []
[scau-mall-web] 20:22:06.556 [main] INFO  org.springframework.security.web.DefaultSecurityFilterChain - Creating filter chain: Ant [pattern='/index_files/**'], []
[scau-mall-web] 20:22:06.556 [main] INFO  org.springframework.security.web.DefaultSecurityFilterChain - Creating filter chain: Ant [pattern='/master_files/**'], []
[scau-mall-web] 20:22:06.556 [main] INFO  org.springframework.security.web.DefaultSecurityFilterChain - Creating filter chain: Ant [pattern='/pageJs/**'], []
[scau-mall-web] 20:22:06.557 [main] INFO  org.springframework.security.web.DefaultSecurityFilterChain - Creating filter chain: Ant [pattern='bg_up.png'], []
[scau-mall-web] 20:22:06.557 [main] INFO  org.springframework.security.web.DefaultSecurityFilterChain - Creating filter chain: Ant [pattern='common.js'], []
[scau-mall-web] 20:22:06.557 [main] INFO  org.springframework.security.web.DefaultSecurityFilterChain - Creating filter chain: Ant [pattern='/templates/**'], []
[scau-mall-web] 20:22:06.557 [main] INFO  org.springframework.security.web.DefaultSecurityFilterChain - Creating filter chain: Ant [pattern='/index.html'], []
[scau-mall-web] 20:22:06.557 [main] INFO  org.springframework.security.web.DefaultSecurityFilterChain - Creating filter chain: Ant [pattern='favicon.ico'], []
[scau-mall-web] 20:22:06.557 [main] INFO  org.springframework.security.web.DefaultSecurityFilterChain - Creating filter chain: Ant [pattern='/doc.html'], []
[scau-mall-web] 20:22:06.557 [main] INFO  org.springframework.security.web.DefaultSecurityFilterChain - Creating filter chain: Ant [pattern='/webjars/**'], []
[scau-mall-web] 20:22:06.557 [main] INFO  org.springframework.security.web.DefaultSecurityFilterChain - Creating filter chain: Ant [pattern='/swagger-resources/**'], []
[scau-mall-web] 20:22:06.557 [main] INFO  org.springframework.security.web.DefaultSecurityFilterChain - Creating filter chain: Ant [pattern='/v2/api-docs/**'], []
[scau-mall-web] 20:22:06.557 [main] INFO  org.springframework.security.web.DefaultSecurityFilterChain - Creating filter chain: Ant [pattern='/captcha'], []
[scau-mall-web] 20:22:06.557 [main] INFO  org.springframework.security.web.DefaultSecurityFilterChain - Creating filter chain: Ant [pattern='/ws/**'], []
[scau-mall-web] 20:22:06.557 [main] INFO  org.springframework.security.web.DefaultSecurityFilterChain - Creating filter chain: Ant [pattern='/api/v1/customer/add'], []
[scau-mall-web] 20:22:06.782 [main] INFO  org.springframework.security.web.DefaultSecurityFilterChain - Creating filter chain: org.springframework.security.web.util.matcher.AnyRequestMatcher@1, [org.springframework.security.web.context.request.async.WebAsyncManagerIntegrationFilter@19fbc594, org.springframework.security.web.context.SecurityContextPersistenceFilter@2fde9469, org.springframework.security.web.header.HeaderWriterFilter@67c6f4d8, org.springframework.web.filter.CorsFilter@60f0bcf9, org.springframework.security.web.authentication.logout.LogoutFilter@34f7b44f, org.scau.mall.web.security.filter.JwtAuthencationTokenFilter@32ed1a20, org.springframework.security.web.savedrequest.RequestCacheAwareFilter@458031da, org.springframework.security.web.servletapi.SecurityContextHolderAwareRequestFilter@7f22687e, org.springframework.security.web.authentication.AnonymousAuthenticationFilter@2f4d32bf, org.springframework.security.web.session.SessionManagementFilter@403364e9, org.springframework.security.web.access.ExceptionTranslationFilter@87f501f, org.springframework.security.web.access.intercept.FilterSecurityInterceptor@5520f675]
[scau-mall-web] 20:22:08.118 [main] INFO  org.springframework.web.servlet.mvc.method.annotation.RequestMappingHandlerAdapter - Looking for @ControllerAdvice: org.springframework.boot.context.embedded.AnnotationConfigEmbeddedWebApplicationContext@635572a7: startup date [Sun Jul 31 20:21:54 CST 2022]; root of context hierarchy
[scau-mall-web] 20:22:08.476 [main] INFO  org.springframework.web.servlet.mvc.method.annotation.RequestMappingHandlerMapping - Mapped "{[/login],methods=[POST]}" onto public org.scau.mall.vo.resp.CommonRespone<org.scau.mall.web.vo.UsersVo> org.scau.mall.web.controller.AuthController.login(org.scau.mall.web.security.pojo.LoginDto,javax.servlet.http.HttpServletRequest)
[scau-mall-web] 20:22:08.479 [main] INFO  org.springframework.web.servlet.mvc.method.annotation.RequestMappingHandlerMapping - Mapped "{[/get],methods=[GET]}" onto public java.lang.String org.scau.mall.web.controller.AuthController.aaa()
[scau-mall-web] 20:22:08.482 [main] INFO  org.springframework.web.servlet.mvc.method.annotation.RequestMappingHandlerMapping - Mapped "{[/register],methods=[POST]}" onto public org.scau.mall.vo.resp.CommonRespone<org.scau.mall.service.pojo.PmsUser> org.scau.mall.web.controller.AuthController.registerUser(java.util.Map<java.lang.String, java.lang.String>)
[scau-mall-web] 20:22:08.483 [main] INFO  org.springframework.web.servlet.mvc.method.annotation.RequestMappingHandlerMapping - Mapped "{[/clients],methods=[GET]}" onto public org.scau.mall.vo.resp.CommonRespone<org.scau.mall.web.vo.PageShowVo<org.scau.mall.web.vo.ClientsVo>> org.scau.mall.web.controller.client.ClientController.clients(org.scau.mall.web.vo.QueryVo,javax.servlet.http.HttpServletRequest)
[scau-mall-web] 20:22:08.485 [main] INFO  org.springframework.web.servlet.mvc.method.annotation.RequestMappingHandlerMapping - Mapped "{[/api/v1/customer/index],methods=[GET]}" onto public java.lang.String org.scau.mall.web.controller.CustomerController.index(javax.servlet.http.HttpServletRequest,org.scau.mall.vo.ClientLoadRecordVo)
[scau-mall-web] 20:22:08.486 [main] INFO  org.springframework.web.servlet.mvc.method.annotation.RequestMappingHandlerMapping - Mapped "{[/api/v1/customer/add]}" onto public org.scau.mall.vo.resp.ResponeData<java.lang.Object> org.scau.mall.web.controller.CustomerController.add(javax.servlet.http.HttpServletRequest,org.scau.mall.vo.ClientLoadRecordVo)
[scau-mall-web] 20:22:08.486 [main] INFO  org.springframework.web.servlet.mvc.method.annotation.RequestMappingHandlerMapping - Mapped "{[/api/v1/customer/list]}" onto public org.scau.mall.vo.resp.ResponeData<org.scau.mall.vo.PmsClientShowVo> org.scau.mall.web.controller.CustomerController.list(javax.servlet.http.HttpServletRequest,org.scau.mall.vo.PmsClientQueryVo)
[scau-mall-web] 20:22:08.487 [main] INFO  org.springframework.web.servlet.mvc.method.annotation.RequestMappingHandlerMapping - Mapped "{[/api/v1/customer/middle]}" onto public java.lang.String org.scau.mall.web.controller.CustomerController.middle(org.springframework.ui.ModelMap)
[scau-mall-web] 20:22:08.487 [main] INFO  org.springframework.web.servlet.mvc.method.annotation.RequestMappingHandlerMapping - Mapped "{[/api/v1/customer/encodeImg]}" onto public void org.scau.mall.web.controller.CustomerController.encodeImg(javax.servlet.http.HttpServletRequest,javax.servlet.http.HttpServletResponse) throws java.io.IOException
[scau-mall-web] 20:22:08.488 [main] INFO  org.springframework.web.servlet.mvc.method.annotation.RequestMappingHandlerMapping - Mapped "{[/fdfs_upload],methods=[POST]}" onto public org.scau.mall.vo.resp.CommonRespone<java.lang.Object> org.scau.mall.web.controller.file.FileController.fileUpload(org.springframework.web.multipart.MultipartFile)
[scau-mall-web] 20:22:08.490 [main] INFO  org.springframework.web.servlet.mvc.method.annotation.RequestMappingHandlerMapping - Mapped "{[/test/index]}" onto public java.lang.String org.scau.mall.web.controller.IndexController.index(org.springframework.ui.ModelMap)
[scau-mall-web] 20:22:08.492 [main] INFO  org.springframework.web.servlet.mvc.method.annotation.RequestMappingHandlerMapping - Mapped "{[/test/middle]}" onto public java.lang.String org.scau.mall.web.controller.IndexController.middle(org.springframework.ui.ModelMap)
[scau-mall-web] 20:22:08.597 [main] INFO  org.springframework.web.servlet.mvc.method.annotation.RequestMappingHandlerMapping - Mapped "{[/test/encodeImg]}" onto public void org.scau.mall.web.controller.IndexController.encodeImg(javax.servlet.http.HttpServletRequest,javax.servlet.http.HttpServletResponse) throws java.io.IOException
[scau-mall-web] 20:22:08.607 [main] INFO  org.springframework.web.servlet.mvc.method.annotation.RequestMappingHandlerMapping - Mapped "{[/login/index]}" onto public java.lang.String org.scau.mall.web.controller.LoginController.index(org.springframework.ui.ModelMap)
[scau-mall-web] 20:22:08.607 [main] INFO  org.springframework.web.servlet.mvc.method.annotation.RequestMappingHandlerMapping - Mapped "{[/login/submit]}" onto public java.lang.String org.scau.mall.web.controller.LoginController.submit(org.springframework.ui.ModelMap)
[scau-mall-web] 20:22:08.608 [main] INFO  org.springframework.web.servlet.mvc.method.annotation.RequestMappingHandlerMapping - Mapped "{[/menus],methods=[GET]}" onto public org.scau.mall.vo.resp.CommonRespone<java.util.List<org.scau.mall.web.vo.MenusVo>> org.scau.mall.web.controller.MenuController.menus(javax.servlet.http.HttpServletRequest)
[scau-mall-web] 20:22:08.611 [main] INFO  org.springframework.web.servlet.mvc.method.annotation.RequestMappingHandlerMapping - Mapped "{[/orders],methods=[GET]}" onto public org.scau.mall.vo.resp.CommonRespone<org.scau.mall.web.vo.PageShowVo<org.scau.mall.web.vo.OrdersVo>> org.scau.mall.web.controller.order.OrderController.orders(org.scau.mall.web.vo.QueryVo,javax.servlet.http.HttpServletRequest)
[scau-mall-web] 20:22:08.624 [main] INFO  org.springframework.web.servlet.mvc.method.annotation.RequestMappingHandlerMapping - Mapped "{[/verifyPass],methods=[POST]}" onto public org.scau.mall.vo.resp.CommonRespone<java.lang.Object> org.scau.mall.web.controller.order.OrderController.verifyPass(org.scau.mall.web.vo.AuditFormBody,javax.servlet.http.HttpServletRequest)
[scau-mall-web] 20:22:08.625 [main] INFO  org.springframework.web.servlet.mvc.method.annotation.RequestMappingHandlerMapping - Mapped "{[/approveSubmit],methods=[POST]}" onto public org.scau.mall.vo.resp.CommonRespone<java.lang.Object> org.scau.mall.web.controller.order.OrderController.approveSubmit(org.scau.mall.web.vo.ApproveFormBody,javax.servlet.http.HttpServletRequest)
[scau-mall-web] 20:22:08.689 [main] INFO  org.springframework.web.servlet.mvc.method.annotation.RequestMappingHandlerMapping - Mapped "{[/users/{id}],methods=[GET]}" onto public org.scau.mall.vo.resp.CommonRespone<org.scau.mall.web.vo.UsersVo> org.scau.mall.web.controller.user.UserController.getUserById(java.lang.Integer)
[scau-mall-web] 20:22:08.691 [main] INFO  org.springframework.web.servlet.mvc.method.annotation.RequestMappingHandlerMapping - Mapped "{[/users/{id}],methods=[PUT]}" onto public org.scau.mall.vo.resp.CommonRespone<org.scau.mall.web.vo.UsersVo> org.scau.mall.web.controller.user.UserController.editUser(java.lang.Integer,java.util.Map<java.lang.String, java.lang.String>)
[scau-mall-web] 20:22:08.692 [main] INFO  org.springframework.web.servlet.mvc.method.annotation.RequestMappingHandlerMapping - Mapped "{[/users/{id}/state/{mg_state}],methods=[PUT]}" onto public org.scau.mall.vo.resp.CommonRespone<org.scau.mall.web.vo.UsersVo> org.scau.mall.web.controller.user.UserController.changeUserStatus(java.lang.Integer,boolean)
[scau-mall-web] 20:22:08.695 [main] INFO  org.springframework.web.servlet.mvc.method.annotation.RequestMappingHandlerMapping - Mapped "{[/users],methods=[POST]}" onto public org.scau.mall.vo.resp.CommonRespone<org.scau.mall.web.vo.UsersVo> org.scau.mall.web.controller.user.UserController.addUsers(org.scau.mall.service.pojo.PmsUser)
[scau-mall-web] 20:22:08.699 [main] INFO  org.springframework.web.servlet.mvc.method.annotation.RequestMappingHandlerMapping - Mapped "{[/users/{id}],methods=[DELETE]}" onto public org.scau.mall.vo.resp.CommonRespone<org.scau.mall.web.vo.UsersVo> org.scau.mall.web.controller.user.UserController.deleteUser(java.lang.Integer)
[scau-mall-web] 20:22:08.700 [main] INFO  org.springframework.web.servlet.mvc.method.annotation.RequestMappingHandlerMapping - Mapped "{[/users],methods=[GET]}" onto public org.scau.mall.vo.resp.CommonRespone<org.scau.mall.web.vo.PageShowVo<org.scau.mall.web.vo.UsersVo>> org.scau.mall.web.controller.user.UserController.users(org.scau.mall.web.vo.QueryVo,javax.servlet.http.HttpServletRequest)
[scau-mall-web] 20:22:08.704 [main] INFO  org.springframework.web.servlet.mvc.method.annotation.RequestMappingHandlerMapping - Mapped "{[/error]}" onto public org.springframework.http.ResponseEntity<java.util.Map<java.lang.String, java.lang.Object>> org.springframework.boot.autoconfigure.web.BasicErrorController.error(javax.servlet.http.HttpServletRequest)
[scau-mall-web] 20:22:08.705 [main] INFO  org.springframework.web.servlet.mvc.method.annotation.RequestMappingHandlerMapping - Mapped "{[/error],produces=[text/html]}" onto public org.springframework.web.servlet.ModelAndView org.springframework.boot.autoconfigure.web.BasicErrorController.errorHtml(javax.servlet.http.HttpServletRequest,javax.servlet.http.HttpServletResponse)
[scau-mall-web] 20:22:09.084 [main] INFO  org.springframework.web.servlet.handler.SimpleUrlHandlerMapping - Mapped URL path [/webjars/**] onto handler of type [class org.springframework.web.servlet.resource.ResourceHttpRequestHandler]
[scau-mall-web] 20:22:09.085 [main] INFO  org.springframework.web.servlet.handler.SimpleUrlHandlerMapping - Mapped URL path [/**] onto handler of type [class org.springframework.web.servlet.resource.ResourceHttpRequestHandler]
[scau-mall-web] 20:22:09.411 [main] INFO  org.springframework.web.servlet.handler.SimpleUrlHandlerMapping - Mapped URL path [/**/favicon.ico] onto handler of type [class org.springframework.web.servlet.resource.ResourceHttpRequestHandler]
[scau-mall-web] 20:22:10.509 [main] INFO  org.springframework.web.servlet.view.freemarker.FreeMarkerConfigurer - ClassTemplateLoader for Spring macros added to FreeMarker configuration
[scau-mall-web] 20:22:11.476 [main] INFO  org.springframework.jmx.export.annotation.AnnotationMBeanExporter - Registering beans for JMX exposure on startup
[scau-mall-web] 20:22:11.539 [main] INFO  org.apache.coyote.http11.Http11NioProtocol - Starting ProtocolHandler ["http-nio-8082"]
[scau-mall-web] 20:22:11.643 [main] INFO  org.apache.tomcat.util.net.NioSelectorPool - Using a shared selector for servlet write/read
[scau-mall-web] 20:22:11.822 [main] INFO  org.springframework.boot.context.embedded.tomcat.TomcatEmbeddedServletContainer - Tomcat started on port(s): 8082 (http)
[scau-mall-web] 20:22:11.832 [main] INFO  org.scau.mall.web.MallWebApplication - Started MallWebApplication in 18.369 seconds (JVM running for 21.345)
[scau-mall-web] 20:22:14.199 [http-nio-8082-exec-3] INFO  org.apache.catalina.core.ContainerBase.[Tomcat].[localhost].[/] - Initializing Spring FrameworkServlet 'dispatcherServlet'
[scau-mall-web] 20:22:14.200 [http-nio-8082-exec-3] INFO  org.springframework.web.servlet.DispatcherServlet - FrameworkServlet 'dispatcherServlet': initialization started
[scau-mall-web] 20:22:14.247 [http-nio-8082-exec-3] INFO  org.springframework.web.servlet.DispatcherServlet - FrameworkServlet 'dispatcherServlet': initialization completed in 47 ms
[scau-mall-web] 20:22:14.506 [http-nio-8082-exec-4] DEBUG org.scau.mall.config.datasource.DynamicDataSource - Use Default datasource : db_master
[scau-mall-web] 20:22:14.603 [http-nio-8082-exec-4] DEBUG org.scau.mall.config.datasource.DynamicDataSource - Use Default datasource : db_master
[scau-mall-web] 20:22:14.608 [http-nio-8082-exec-4] DEBUG org.scau.mall.dao.PmsUserMapper.selectByExample - ==>  Preparing: select 'true' as QUERYID, id, username, password, email, mobile, status, created_at, updated_at from pms_user WHERE ( username = ? and status = ? ) 
[scau-mall-web] 20:22:14.648 [http-nio-8082-exec-4] DEBUG org.scau.mall.dao.PmsUserMapper.selectByExample - ==> Parameters: admin(String), 1(Integer)
[scau-mall-web] 20:22:14.669 [http-nio-8082-exec-4] DEBUG org.scau.mall.dao.PmsUserMapper.selectByExample - <==      Total: 1
[scau-mall-web] 20:22:15.803 [http-nio-8082-exec-6] DEBUG org.scau.mall.config.datasource.DynamicDataSource - Use Default datasource : db_master
[scau-mall-web] 20:22:15.803 [http-nio-8082-exec-10] DEBUG org.scau.mall.config.datasource.DynamicDataSource - Use Default datasource : db_master
[scau-mall-web] 20:22:15.803 [http-nio-8082-exec-9] DEBUG org.scau.mall.config.datasource.DynamicDataSource - Use Default datasource : db_master
[scau-mall-web] 20:22:15.804 [http-nio-8082-exec-10] DEBUG org.scau.mall.dao.PmsUserMapper.selectByExample - ==>  Preparing: select 'true' as QUERYID, id, username, password, email, mobile, status, created_at, updated_at from pms_user WHERE ( username = ? and status = ? ) 
[scau-mall-web] 20:22:15.805 [http-nio-8082-exec-9] DEBUG org.scau.mall.dao.PmsUserMapper.selectByExample - ==>  Preparing: select 'true' as QUERYID, id, username, password, email, mobile, status, created_at, updated_at from pms_user WHERE ( username = ? and status = ? ) 
[scau-mall-web] 20:22:15.804 [http-nio-8082-exec-5] DEBUG org.scau.mall.config.datasource.DynamicDataSource - Use Default datasource : db_master
[scau-mall-web] 20:22:15.805 [http-nio-8082-exec-5] DEBUG org.scau.mall.dao.PmsUserMapper.selectByExample - ==>  Preparing: select 'true' as QUERYID, id, username, password, email, mobile, status, created_at, updated_at from pms_user WHERE ( username = ? and status = ? ) 
[scau-mall-web] 20:22:15.804 [http-nio-8082-exec-6] DEBUG org.scau.mall.dao.PmsUserMapper.selectByExample - ==>  Preparing: select 'true' as QUERYID, id, username, password, email, mobile, status, created_at, updated_at from pms_user WHERE ( username = ? and status = ? ) 
[scau-mall-web] 20:22:15.806 [http-nio-8082-exec-10] DEBUG org.scau.mall.dao.PmsUserMapper.selectByExample - ==> Parameters: admin(String), 1(Integer)
[scau-mall-web] 20:22:15.807 [http-nio-8082-exec-9] DEBUG org.scau.mall.dao.PmsUserMapper.selectByExample - ==> Parameters: admin(String), 1(Integer)
[scau-mall-web] 20:22:15.808 [http-nio-8082-exec-5] DEBUG org.scau.mall.dao.PmsUserMapper.selectByExample - ==> Parameters: admin(String), 1(Integer)
[scau-mall-web] 20:22:15.811 [http-nio-8082-exec-10] DEBUG org.scau.mall.dao.PmsUserMapper.selectByExample - <==      Total: 1
[scau-mall-web] 20:22:15.813 [http-nio-8082-exec-9] DEBUG org.scau.mall.dao.PmsUserMapper.selectByExample - <==      Total: 1
[scau-mall-web] 20:22:15.815 [http-nio-8082-exec-5] DEBUG org.scau.mall.dao.PmsUserMapper.selectByExample - <==      Total: 1
[scau-mall-web] 20:22:15.815 [http-nio-8082-exec-6] DEBUG org.scau.mall.dao.PmsUserMapper.selectByExample - ==> Parameters: admin(String), 1(Integer)
[scau-mall-web] 20:22:15.817 [http-nio-8082-exec-6] DEBUG org.scau.mall.dao.PmsUserMapper.selectByExample - <==      Total: 1
[scau-mall-web] 20:22:15.849 [http-nio-8082-exec-10] DEBUG org.scau.mall.config.datasource.DynamicDataSource - Use Default datasource : db_master
[scau-mall-web] 20:22:15.849 [http-nio-8082-exec-10] DEBUG org.scau.mall.dao.PmsMenuMapper.selectByExample - ==>  Preparing: select 'true' as QUERYID, id, auth_name, pid, is_leaf, path, status, created_at, updated_at from pms_menu WHERE ( status = ? ) 
[scau-mall-web] 20:22:15.851 [http-nio-8082-exec-10] DEBUG org.scau.mall.dao.PmsMenuMapper.selectByExample - ==> Parameters: 1(Integer)
[scau-mall-web] 20:22:15.854 [http-nio-8082-exec-6] DEBUG org.scau.mall.config.datasource.DynamicDataSource - Use Default datasource : db_master
[scau-mall-web] 20:22:15.854 [http-nio-8082-exec-6] DEBUG org.scau.mall.dao.PmsUserMapper.countByExample - ==>  Preparing: select count(*) from pms_user 
[scau-mall-web] 20:22:15.855 [http-nio-8082-exec-6] DEBUG org.scau.mall.dao.PmsUserMapper.countByExample - ==> Parameters: 
[scau-mall-web] 20:22:15.856 [http-nio-8082-exec-6] DEBUG org.scau.mall.dao.PmsUserMapper.countByExample - <==      Total: 1
[scau-mall-web] 20:22:15.857 [http-nio-8082-exec-6] DEBUG org.scau.mall.config.datasource.DynamicDataSource - Use Default datasource : db_master
[scau-mall-web] 20:22:15.857 [http-nio-8082-exec-6] DEBUG org.scau.mall.dao.PmsUserMapper.selectByExample - ==>  Preparing: select 'true' as QUERYID, id, username, password, email, mobile, status, created_at, updated_at from pms_user order by created_at desc limit 0,1 
[scau-mall-web] 20:22:15.858 [http-nio-8082-exec-6] DEBUG org.scau.mall.dao.PmsUserMapper.selectByExample - ==> Parameters: 
[scau-mall-web] 20:22:15.859 [http-nio-8082-exec-10] DEBUG org.scau.mall.dao.PmsMenuMapper.selectByExample - <==      Total: 7
[scau-mall-web] 20:22:15.872 [http-nio-8082-exec-6] DEBUG org.scau.mall.dao.PmsUserMapper.selectByExample - <==      Total: 1
[scau-mall-web] 20:22:15.910 [http-nio-8082-exec-9] DEBUG org.scau.mall.config.datasource.DynamicDataSource - Use Default datasource : db_master
[scau-mall-web] 20:22:15.910 [http-nio-8082-exec-9] DEBUG org.scau.mall.dao.extend.OrdersMapper.countPmsOrders - ==>  Preparing: select count(1) from pms_client pc left join pms_orders pclr on pc.id=pclr.client_id 
[scau-mall-web] 20:22:15.914 [http-nio-8082-exec-9] DEBUG org.scau.mall.dao.extend.OrdersMapper.countPmsOrders - ==> Parameters: 
[scau-mall-web] 20:22:15.924 [http-nio-8082-exec-9] DEBUG org.scau.mall.dao.extend.OrdersMapper.countPmsOrders - <==      Total: 1
[scau-mall-web] 20:22:15.926 [http-nio-8082-exec-9] DEBUG org.scau.mall.config.datasource.DynamicDataSource - Use Default datasource : db_master
[scau-mall-web] 20:22:15.926 [http-nio-8082-exec-9] DEBUG org.scau.mall.dao.extend.OrdersMapper.getPmsOrdersList - ==>  Preparing: select pc.id,pc.`name`, pclr.order_no, pclr.client_id, pc.id_number,pc.telephone,pc.address,pclr.type, pclr.apply_amount,pclr.`status`, pclr.created_at,pclr.actual_amount, pclr.audit_time,pclr.approve_time,pclr.document_url from pms_client pc left join pms_orders pclr on pc.id=pclr.client_id ORDER BY pc.created_at DESC LIMIT ? OFFSET ? 
[scau-mall-web] 20:22:15.927 [http-nio-8082-exec-9] DEBUG org.scau.mall.dao.extend.OrdersMapper.getPmsOrdersList - ==> Parameters: 20(Integer), 0(Integer)
[scau-mall-web] 20:22:15.935 [http-nio-8082-exec-9] DEBUG org.scau.mall.dao.extend.OrdersMapper.getPmsOrdersList - <==      Total: 12
[scau-mall-web] 20:22:45.150 [http-nio-8082-exec-4] DEBUG org.scau.mall.config.datasource.DynamicDataSource - Use Default datasource : db_master
[scau-mall-web] 20:22:45.150 [http-nio-8082-exec-4] DEBUG org.scau.mall.dao.PmsUserMapper.selectByExample - ==>  Preparing: select 'true' as QUERYID, id, username, password, email, mobile, status, created_at, updated_at from pms_user WHERE ( username = ? and status = ? ) 
[scau-mall-web] 20:22:45.151 [http-nio-8082-exec-4] DEBUG org.scau.mall.dao.PmsUserMapper.selectByExample - ==> Parameters: admin(String), 1(Integer)
[scau-mall-web] 20:22:45.152 [http-nio-8082-exec-4] DEBUG org.scau.mall.dao.PmsUserMapper.selectByExample - <==      Total: 1
[scau-mall-web] 20:22:45.156 [http-nio-8082-exec-4] DEBUG org.scau.mall.config.datasource.DynamicDataSource - Use Default datasource : db_master
[scau-mall-web] 20:22:45.156 [http-nio-8082-exec-4] DEBUG org.scau.mall.dao.PmsUserMapper.countByExample - ==>  Preparing: select count(*) from pms_user 
[scau-mall-web] 20:22:45.156 [http-nio-8082-exec-4] DEBUG org.scau.mall.dao.PmsUserMapper.countByExample - ==> Parameters: 
[scau-mall-web] 20:22:45.157 [http-nio-8082-exec-4] DEBUG org.scau.mall.dao.PmsUserMapper.countByExample - <==      Total: 1
[scau-mall-web] 20:22:45.158 [http-nio-8082-exec-4] DEBUG org.scau.mall.config.datasource.DynamicDataSource - Use Default datasource : db_master
[scau-mall-web] 20:22:45.158 [http-nio-8082-exec-4] DEBUG org.scau.mall.dao.PmsUserMapper.selectByExample - ==>  Preparing: select 'true' as QUERYID, id, username, password, email, mobile, status, created_at, updated_at from pms_user order by created_at desc limit 0,5 
[scau-mall-web] 20:22:45.158 [http-nio-8082-exec-4] DEBUG org.scau.mall.dao.PmsUserMapper.selectByExample - ==> Parameters: 
[scau-mall-web] 20:22:45.160 [http-nio-8082-exec-4] DEBUG org.scau.mall.dao.PmsUserMapper.selectByExample - <==      Total: 5
[scau-mall-web] 20:22:56.424 [http-nio-8082-exec-1] DEBUG org.scau.mall.config.datasource.DynamicDataSource - Use Default datasource : db_master
[scau-mall-web] 20:22:56.424 [http-nio-8082-exec-1] DEBUG org.scau.mall.dao.PmsUserMapper.selectByExample - ==>  Preparing: select 'true' as QUERYID, id, username, password, email, mobile, status, created_at, updated_at from pms_user WHERE ( username = ? and status = ? ) 
[scau-mall-web] 20:22:56.425 [http-nio-8082-exec-1] DEBUG org.scau.mall.dao.PmsUserMapper.selectByExample - ==> Parameters: admin(String), 1(Integer)
[scau-mall-web] 20:22:56.427 [http-nio-8082-exec-10] DEBUG org.scau.mall.config.datasource.DynamicDataSource - Use Default datasource : db_master
[scau-mall-web] 20:22:56.427 [http-nio-8082-exec-1] DEBUG org.scau.mall.dao.PmsUserMapper.selectByExample - <==      Total: 1
[scau-mall-web] 20:22:56.428 [http-nio-8082-exec-10] DEBUG org.scau.mall.dao.PmsUserMapper.selectByExample - ==>  Preparing: select 'true' as QUERYID, id, username, password, email, mobile, status, created_at, updated_at from pms_user WHERE ( username = ? and status = ? ) 
[scau-mall-web] 20:22:56.428 [http-nio-8082-exec-5] DEBUG org.scau.mall.config.datasource.DynamicDataSource - Use Default datasource : db_master
[scau-mall-web] 20:22:56.428 [http-nio-8082-exec-10] DEBUG org.scau.mall.dao.PmsUserMapper.selectByExample - ==> Parameters: admin(String), 1(Integer)
[scau-mall-web] 20:22:56.428 [http-nio-8082-exec-5] DEBUG org.scau.mall.dao.PmsUserMapper.selectByExample - ==>  Preparing: select 'true' as QUERYID, id, username, password, email, mobile, status, created_at, updated_at from pms_user WHERE ( username = ? and status = ? ) 
[scau-mall-web] 20:22:56.430 [http-nio-8082-exec-5] DEBUG org.scau.mall.dao.PmsUserMapper.selectByExample - ==> Parameters: admin(String), 1(Integer)
[scau-mall-web] 20:22:56.430 [http-nio-8082-exec-10] DEBUG org.scau.mall.dao.PmsUserMapper.selectByExample - <==      Total: 1
[scau-mall-web] 20:22:56.435 [http-nio-8082-exec-1] DEBUG org.scau.mall.config.datasource.DynamicDataSource - Use Default datasource : db_master
[scau-mall-web] 20:22:56.436 [http-nio-8082-exec-1] DEBUG org.scau.mall.dao.PmsUserMapper.countByExample - ==>  Preparing: select count(*) from pms_user 
[scau-mall-web] 20:22:56.436 [http-nio-8082-exec-1] DEBUG org.scau.mall.dao.PmsUserMapper.countByExample - ==> Parameters: 
[scau-mall-web] 20:22:56.437 [http-nio-8082-exec-5] DEBUG org.scau.mall.dao.PmsUserMapper.selectByExample - <==      Total: 1
[scau-mall-web] 20:22:56.438 [http-nio-8082-exec-1] DEBUG org.scau.mall.dao.PmsUserMapper.countByExample - <==      Total: 1
[scau-mall-web] 20:22:56.441 [http-nio-8082-exec-1] DEBUG org.scau.mall.config.datasource.DynamicDataSource - Use Default datasource : db_master
[scau-mall-web] 20:22:56.441 [http-nio-8082-exec-1] DEBUG org.scau.mall.dao.PmsUserMapper.selectByExample - ==>  Preparing: select 'true' as QUERYID, id, username, password, email, mobile, status, created_at, updated_at from pms_user order by created_at desc limit 0,1 
[scau-mall-web] 20:22:56.441 [http-nio-8082-exec-1] DEBUG org.scau.mall.dao.PmsUserMapper.selectByExample - ==> Parameters: 
[scau-mall-web] 20:22:56.445 [http-nio-8082-exec-1] DEBUG org.scau.mall.dao.PmsUserMapper.selectByExample - <==      Total: 1
[scau-mall-web] 20:22:56.446 [http-nio-8082-exec-5] DEBUG org.scau.mall.config.datasource.DynamicDataSource - Use Default datasource : db_master
[scau-mall-web] 20:22:56.447 [http-nio-8082-exec-5] DEBUG org.scau.mall.dao.extend.OrdersMapper.countPmsOrders - ==>  Preparing: select count(1) from pms_client pc left join pms_orders pclr on pc.id=pclr.client_id 
[scau-mall-web] 20:22:56.448 [http-nio-8082-exec-5] DEBUG org.scau.mall.dao.extend.OrdersMapper.countPmsOrders - ==> Parameters: 
[scau-mall-web] 20:22:56.449 [http-nio-8082-exec-5] DEBUG org.scau.mall.dao.extend.OrdersMapper.countPmsOrders - <==      Total: 1
[scau-mall-web] 20:22:56.451 [http-nio-8082-exec-5] DEBUG org.scau.mall.config.datasource.DynamicDataSource - Use Default datasource : db_master
[scau-mall-web] 20:22:56.451 [http-nio-8082-exec-5] DEBUG org.scau.mall.dao.extend.OrdersMapper.getPmsOrdersList - ==>  Preparing: select pc.id,pc.`name`, pclr.order_no, pclr.client_id, pc.id_number,pc.telephone,pc.address,pclr.type, pclr.apply_amount,pclr.`status`, pclr.created_at,pclr.actual_amount, pclr.audit_time,pclr.approve_time,pclr.document_url from pms_client pc left join pms_orders pclr on pc.id=pclr.client_id ORDER BY pc.created_at DESC LIMIT ? OFFSET ? 
[scau-mall-web] 20:22:56.452 [http-nio-8082-exec-5] DEBUG org.scau.mall.dao.extend.OrdersMapper.getPmsOrdersList - ==> Parameters: 20(Integer), 0(Integer)
[scau-mall-web] 20:22:56.457 [http-nio-8082-exec-5] DEBUG org.scau.mall.dao.extend.OrdersMapper.getPmsOrdersList - <==      Total: 12
[scau-mall-web] 20:23:04.594 [http-nio-8082-exec-9] DEBUG org.scau.mall.config.datasource.DynamicDataSource - Use Default datasource : db_master
[scau-mall-web] 20:23:04.594 [http-nio-8082-exec-9] DEBUG org.scau.mall.dao.PmsUserMapper.selectByExample - ==>  Preparing: select 'true' as QUERYID, id, username, password, email, mobile, status, created_at, updated_at from pms_user WHERE ( username = ? and status = ? ) 
[scau-mall-web] 20:23:04.595 [http-nio-8082-exec-9] DEBUG org.scau.mall.dao.PmsUserMapper.selectByExample - ==> Parameters: admin(String), 1(Integer)
[scau-mall-web] 20:23:04.596 [http-nio-8082-exec-9] DEBUG org.scau.mall.dao.PmsUserMapper.selectByExample - <==      Total: 1
[scau-mall-web] 20:23:04.601 [http-nio-8082-exec-9] DEBUG org.scau.mall.config.datasource.DynamicDataSource - Use Default datasource : db_master
[scau-mall-web] 20:23:04.601 [http-nio-8082-exec-9] DEBUG org.scau.mall.dao.extend.OrdersMapper.countPmsOrders - ==>  Preparing: select count(1) from pms_client pc left join pms_orders pclr on pc.id=pclr.client_id 
[scau-mall-web] 20:23:04.601 [http-nio-8082-exec-9] DEBUG org.scau.mall.dao.extend.OrdersMapper.countPmsOrders - ==> Parameters: 
[scau-mall-web] 20:23:04.602 [http-nio-8082-exec-9] DEBUG org.scau.mall.dao.extend.OrdersMapper.countPmsOrders - <==      Total: 1
[scau-mall-web] 20:23:04.603 [http-nio-8082-exec-9] DEBUG org.scau.mall.config.datasource.DynamicDataSource - Use Default datasource : db_master
[scau-mall-web] 20:23:04.603 [http-nio-8082-exec-9] DEBUG org.scau.mall.dao.extend.OrdersMapper.getPmsOrdersList - ==>  Preparing: select pc.id,pc.`name`, pclr.order_no, pclr.client_id, pc.id_number,pc.telephone,pc.address,pclr.type, pclr.apply_amount,pclr.`status`, pclr.created_at,pclr.actual_amount, pclr.audit_time,pclr.approve_time,pclr.document_url from pms_client pc left join pms_orders pclr on pc.id=pclr.client_id ORDER BY pc.created_at DESC LIMIT ? OFFSET ? 
[scau-mall-web] 20:23:04.603 [http-nio-8082-exec-9] DEBUG org.scau.mall.dao.extend.OrdersMapper.getPmsOrdersList - ==> Parameters: 5(Integer), 0(Integer)
[scau-mall-web] 20:23:04.606 [http-nio-8082-exec-9] DEBUG org.scau.mall.dao.extend.OrdersMapper.getPmsOrdersList - <==      Total: 5
[scau-mall-web] 20:23:10.253 [http-nio-8082-exec-4] DEBUG org.scau.mall.config.datasource.DynamicDataSource - Use Default datasource : db_master
[scau-mall-web] 20:23:10.254 [http-nio-8082-exec-4] DEBUG org.scau.mall.dao.PmsUserMapper.selectByExample - ==>  Preparing: select 'true' as QUERYID, id, username, password, email, mobile, status, created_at, updated_at from pms_user WHERE ( username = ? and status = ? ) 
[scau-mall-web] 20:23:10.254 [http-nio-8082-exec-4] DEBUG org.scau.mall.dao.PmsUserMapper.selectByExample - ==> Parameters: admin(String), 1(Integer)
[scau-mall-web] 20:23:10.256 [http-nio-8082-exec-4] DEBUG org.scau.mall.dao.PmsUserMapper.selectByExample - <==      Total: 1
[scau-mall-web] 20:23:10.264 [http-nio-8082-exec-4] DEBUG org.scau.mall.config.datasource.DynamicDataSource - Use Default datasource : db_master
[scau-mall-web] 20:23:10.265 [http-nio-8082-exec-4] DEBUG org.scau.mall.dao.PmsUserMapper.countByExample - ==>  Preparing: select count(*) from pms_user 
[scau-mall-web] 20:23:10.265 [http-nio-8082-exec-4] DEBUG org.scau.mall.dao.PmsUserMapper.countByExample - ==> Parameters: 
[scau-mall-web] 20:23:10.266 [http-nio-8082-exec-2] DEBUG org.scau.mall.config.datasource.DynamicDataSource - Use Default datasource : db_master
[scau-mall-web] 20:23:10.266 [http-nio-8082-exec-4] DEBUG org.scau.mall.dao.PmsUserMapper.countByExample - <==      Total: 1
[scau-mall-web] 20:23:10.266 [http-nio-8082-exec-2] DEBUG org.scau.mall.dao.PmsUserMapper.selectByExample - ==>  Preparing: select 'true' as QUERYID, id, username, password, email, mobile, status, created_at, updated_at from pms_user WHERE ( username = ? and status = ? ) 
[scau-mall-web] 20:23:10.267 [http-nio-8082-exec-2] DEBUG org.scau.mall.dao.PmsUserMapper.selectByExample - ==> Parameters: admin(String), 1(Integer)
[scau-mall-web] 20:23:10.267 [http-nio-8082-exec-4] DEBUG org.scau.mall.config.datasource.DynamicDataSource - Use Default datasource : db_master
[scau-mall-web] 20:23:10.267 [http-nio-8082-exec-4] DEBUG org.scau.mall.dao.PmsUserMapper.selectByExample - ==>  Preparing: select 'true' as QUERYID, id, username, password, email, mobile, status, created_at, updated_at from pms_user order by created_at desc limit 0,1 
[scau-mall-web] 20:23:10.267 [http-nio-8082-exec-4] DEBUG org.scau.mall.dao.PmsUserMapper.selectByExample - ==> Parameters: 
[scau-mall-web] 20:23:10.269 [http-nio-8082-exec-2] DEBUG org.scau.mall.dao.PmsUserMapper.selectByExample - <==      Total: 1
[scau-mall-web] 20:23:10.270 [http-nio-8082-exec-4] DEBUG org.scau.mall.dao.PmsUserMapper.selectByExample - <==      Total: 1
[scau-mall-web] 20:23:10.273 [http-nio-8082-exec-10] DEBUG org.scau.mall.config.datasource.DynamicDataSource - Use Default datasource : db_master
[scau-mall-web] 20:23:10.273 [http-nio-8082-exec-10] DEBUG org.scau.mall.dao.PmsUserMapper.selectByExample - ==>  Preparing: select 'true' as QUERYID, id, username, password, email, mobile, status, created_at, updated_at from pms_user WHERE ( username = ? and status = ? ) 
[scau-mall-web] 20:23:10.273 [http-nio-8082-exec-10] DEBUG org.scau.mall.dao.PmsUserMapper.selectByExample - ==> Parameters: admin(String), 1(Integer)
[scau-mall-web] 20:23:10.275 [http-nio-8082-exec-10] DEBUG org.scau.mall.dao.PmsUserMapper.selectByExample - <==      Total: 1
[scau-mall-web] 20:23:10.281 [http-nio-8082-exec-10] DEBUG org.scau.mall.config.datasource.DynamicDataSource - Use Default datasource : db_master
[scau-mall-web] 20:23:10.281 [http-nio-8082-exec-10] DEBUG org.scau.mall.dao.extend.OrdersMapper.countPmsOrders - ==>  Preparing: select count(1) from pms_client pc left join pms_orders pclr on pc.id=pclr.client_id 
[scau-mall-web] 20:23:10.282 [http-nio-8082-exec-10] DEBUG org.scau.mall.dao.extend.OrdersMapper.countPmsOrders - ==> Parameters: 
[scau-mall-web] 20:23:10.283 [http-nio-8082-exec-10] DEBUG org.scau.mall.dao.extend.OrdersMapper.countPmsOrders - <==      Total: 1
[scau-mall-web] 20:23:10.284 [http-nio-8082-exec-10] DEBUG org.scau.mall.config.datasource.DynamicDataSource - Use Default datasource : db_master
[scau-mall-web] 20:23:10.284 [http-nio-8082-exec-10] DEBUG org.scau.mall.dao.extend.OrdersMapper.getPmsOrdersList - ==>  Preparing: select pc.id,pc.`name`, pclr.order_no, pclr.client_id, pc.id_number,pc.telephone,pc.address,pclr.type, pclr.apply_amount,pclr.`status`, pclr.created_at,pclr.actual_amount, pclr.audit_time,pclr.approve_time,pclr.document_url from pms_client pc left join pms_orders pclr on pc.id=pclr.client_id ORDER BY pc.created_at DESC LIMIT ? OFFSET ? 
[scau-mall-web] 20:23:10.285 [http-nio-8082-exec-10] DEBUG org.scau.mall.dao.extend.OrdersMapper.getPmsOrdersList - ==> Parameters: 20(Integer), 0(Integer)
[scau-mall-web] 20:23:10.290 [http-nio-8082-exec-10] DEBUG org.scau.mall.dao.extend.OrdersMapper.getPmsOrdersList - <==      Total: 12
[scau-mall-web] 20:23:26.514 [http-nio-8082-exec-6] DEBUG org.scau.mall.config.datasource.DynamicDataSource - Use Default datasource : db_master
[scau-mall-web] 20:23:26.514 [http-nio-8082-exec-6] DEBUG org.scau.mall.dao.PmsUserMapper.selectByExample - ==>  Preparing: select 'true' as QUERYID, id, username, password, email, mobile, status, created_at, updated_at from pms_user WHERE ( username = ? and status = ? ) 
[scau-mall-web] 20:23:26.515 [http-nio-8082-exec-6] DEBUG org.scau.mall.dao.PmsUserMapper.selectByExample - ==> Parameters: admin(String), 1(Integer)
[scau-mall-web] 20:23:26.516 [http-nio-8082-exec-6] DEBUG org.scau.mall.dao.PmsUserMapper.selectByExample - <==      Total: 1
[scau-mall-web] 20:23:30.717 [http-nio-8082-exec-6] DEBUG org.scau.mall.config.datasource.DynamicDataSource - Use Default datasource : db_master
[scau-mall-web] 20:23:30.718 [http-nio-8082-exec-6] DEBUG org.scau.mall.dao.PmsClientMapper.countByExample - ==>  Preparing: select count(*) from pms_client 
[scau-mall-web] 20:23:30.718 [http-nio-8082-exec-6] DEBUG org.scau.mall.dao.PmsClientMapper.countByExample - ==> Parameters: 
[scau-mall-web] 20:23:30.720 [http-nio-8082-exec-6] DEBUG org.scau.mall.dao.PmsClientMapper.countByExample - <==      Total: 1
[scau-mall-web] 20:23:30.721 [http-nio-8082-exec-6] DEBUG org.scau.mall.config.datasource.DynamicDataSource - Use Default datasource : db_master
[scau-mall-web] 20:23:30.721 [http-nio-8082-exec-6] DEBUG org.scau.mall.dao.PmsClientMapper.selectByExample - ==>  Preparing: select 'true' as QUERYID, id, name, id_number, telephone, address, status, created_at, updated_at from pms_client order by created_at desc limit 0,5 
[scau-mall-web] 20:23:30.721 [http-nio-8082-exec-6] DEBUG org.scau.mall.dao.PmsClientMapper.selectByExample - ==> Parameters: 
[scau-mall-web] 20:23:30.723 [http-nio-8082-exec-6] DEBUG org.scau.mall.dao.PmsClientMapper.selectByExample - <==      Total: 5
[scau-mall-web] 20:23:49.016 [http-nio-8082-exec-3] DEBUG org.scau.mall.config.datasource.DynamicDataSource - Use Default datasource : db_master
[scau-mall-web] 20:23:49.016 [http-nio-8082-exec-3] DEBUG org.scau.mall.dao.PmsUserMapper.selectByExample - ==>  Preparing: select 'true' as QUERYID, id, username, password, email, mobile, status, created_at, updated_at from pms_user WHERE ( username = ? and status = ? ) 
[scau-mall-web] 20:23:49.017 [http-nio-8082-exec-3] DEBUG org.scau.mall.dao.PmsUserMapper.selectByExample - ==> Parameters: admin(String), 1(Integer)
[scau-mall-web] 20:23:49.018 [http-nio-8082-exec-3] DEBUG org.scau.mall.dao.PmsUserMapper.selectByExample - <==      Total: 1
[scau-mall-web] 20:23:49.026 [http-nio-8082-exec-3] DEBUG org.scau.mall.config.datasource.DynamicDataSource - Use Default datasource : db_master
[scau-mall-web] 20:23:49.026 [http-nio-8082-exec-3] DEBUG org.scau.mall.dao.extend.OrdersMapper.countPmsOrders - ==>  Preparing: select count(1) from pms_client pc left join pms_orders pclr on pc.id=pclr.client_id 
[scau-mall-web] 20:23:49.027 [http-nio-8082-exec-3] DEBUG org.scau.mall.dao.extend.OrdersMapper.countPmsOrders - ==> Parameters: 
[scau-mall-web] 20:23:49.028 [http-nio-8082-exec-3] DEBUG org.scau.mall.dao.extend.OrdersMapper.countPmsOrders - <==      Total: 1
[scau-mall-web] 20:23:49.029 [http-nio-8082-exec-3] DEBUG org.scau.mall.config.datasource.DynamicDataSource - Use Default datasource : db_master
[scau-mall-web] 20:23:49.030 [http-nio-8082-exec-3] DEBUG org.scau.mall.dao.extend.OrdersMapper.getPmsOrdersList - ==>  Preparing: select pc.id,pc.`name`, pclr.order_no, pclr.client_id, pc.id_number,pc.telephone,pc.address,pclr.type, pclr.apply_amount,pclr.`status`, pclr.created_at,pclr.actual_amount, pclr.audit_time,pclr.approve_time,pclr.document_url from pms_client pc left join pms_orders pclr on pc.id=pclr.client_id ORDER BY pc.created_at DESC LIMIT ? OFFSET ? 
[scau-mall-web] 20:23:49.030 [http-nio-8082-exec-3] DEBUG org.scau.mall.dao.extend.OrdersMapper.getPmsOrdersList - ==> Parameters: 5(Integer), 0(Integer)
[scau-mall-web] 20:23:49.033 [http-nio-8082-exec-3] DEBUG org.scau.mall.dao.extend.OrdersMapper.getPmsOrdersList - <==      Total: 5
